[2026-05-05T22:46:48.983+0000] {processor.py:161} INFO - Started process (PID=94) to work on /opt/airflow/dags/flood_event_pipeline_dag.py
[2026-05-05T22:46:48.984+0000] {processor.py:830} INFO - Processing file /opt/airflow/dags/flood_event_pipeline_dag.py for tasks to queue
[2026-05-05T22:46:48.986+0000] {logging_mixin.py:188} INFO - [2026-05-05T22:46:48.986+0000] {dagbag.py:545} INFO - Filling up the DagBag from /opt/airflow/dags/flood_event_pipeline_dag.py
[2026-05-05T22:46:49.010+0000] {processor.py:840} INFO - DAG(s) 'flood_event_pipeline' retrieved from /opt/airflow/dags/flood_event_pipeline_dag.py
[2026-05-05T22:46:49.019+0000] {logging_mixin.py:188} INFO - [2026-05-05T22:46:49.019+0000] {dag.py:3089} INFO - Sync 1 DAGs
[2026-05-05T22:46:49.035+0000] {logging_mixin.py:188} INFO - [2026-05-05T22:46:49.035+0000] {dag.py:3947} INFO - Setting next_dagrun for flood_event_pipeline to 2026-05-04 00:00:00+00:00, run_after=2026-05-05 00:00:00+00:00
[2026-05-05T22:46:49.053+0000] {processor.py:183} INFO - Processing /opt/airflow/dags/flood_event_pipeline_dag.py took 0.075 seconds
[2026-05-05T22:47:19.141+0000] {processor.py:161} INFO - Started process (PID=122) to work on /opt/airflow/dags/flood_event_pipeline_dag.py
[2026-05-05T22:47:19.142+0000] {processor.py:830} INFO - Processing file /opt/airflow/dags/flood_event_pipeline_dag.py for tasks to queue
[2026-05-05T22:47:19.144+0000] {logging_mixin.py:188} INFO - [2026-05-05T22:47:19.144+0000] {dagbag.py:545} INFO - Filling up the DagBag from /opt/airflow/dags/flood_event_pipeline_dag.py
[2026-05-05T22:47:19.161+0000] {processor.py:840} INFO - DAG(s) 'flood_event_pipeline' retrieved from /opt/airflow/dags/flood_event_pipeline_dag.py
[2026-05-05T22:47:19.228+0000] {logging_mixin.py:188} INFO - [2026-05-05T22:47:19.228+0000] {dag.py:3089} INFO - Sync 1 DAGs
[2026-05-05T22:47:19.240+0000] {logging_mixin.py:188} INFO - [2026-05-05T22:47:19.240+0000] {dag.py:3947} INFO - Setting next_dagrun for flood_event_pipeline to 2026-05-04 00:00:00+00:00, run_after=2026-05-05 00:00:00+00:00
[2026-05-05T22:47:19.356+0000] {processor.py:183} INFO - Processing /opt/airflow/dags/flood_event_pipeline_dag.py took 0.220 seconds
[2026-05-05T22:47:49.675+0000] {processor.py:161} INFO - Started process (PID=123) to work on /opt/airflow/dags/flood_event_pipeline_dag.py
[2026-05-05T22:47:49.677+0000] {processor.py:830} INFO - Processing file /opt/airflow/dags/flood_event_pipeline_dag.py for tasks to queue
[2026-05-05T22:47:49.679+0000] {logging_mixin.py:188} INFO - [2026-05-05T22:47:49.678+0000] {dagbag.py:545} INFO - Filling up the DagBag from /opt/airflow/dags/flood_event_pipeline_dag.py
[2026-05-05T22:47:49.709+0000] {processor.py:840} INFO - DAG(s) 'flood_event_pipeline' retrieved from /opt/airflow/dags/flood_event_pipeline_dag.py
[2026-05-05T22:47:49.743+0000] {logging_mixin.py:188} INFO - [2026-05-05T22:47:49.743+0000] {dag.py:3089} INFO - Sync 1 DAGs
[2026-05-05T22:47:49.765+0000] {logging_mixin.py:188} INFO - [2026-05-05T22:47:49.764+0000] {dag.py:3947} INFO - Setting next_dagrun for flood_event_pipeline to 2026-05-04 00:00:00+00:00, run_after=2026-05-05 00:00:00+00:00
[2026-05-05T22:47:49.790+0000] {processor.py:183} INFO - Processing /opt/airflow/dags/flood_event_pipeline_dag.py took 0.125 seconds
[2026-05-05T22:48:20.136+0000] {processor.py:161} INFO - Started process (PID=124) to work on /opt/airflow/dags/flood_event_pipeline_dag.py
[2026-05-05T22:48:20.137+0000] {processor.py:830} INFO - Processing file /opt/airflow/dags/flood_event_pipeline_dag.py for tasks to queue
[2026-05-05T22:48:20.140+0000] {logging_mixin.py:188} INFO - [2026-05-05T22:48:20.140+0000] {dagbag.py:545} INFO - Filling up the DagBag from /opt/airflow/dags/flood_event_pipeline_dag.py
[2026-05-05T22:48:20.166+0000] {processor.py:840} INFO - DAG(s) 'flood_event_pipeline' retrieved from /opt/airflow/dags/flood_event_pipeline_dag.py
[2026-05-05T22:48:20.195+0000] {logging_mixin.py:188} INFO - [2026-05-05T22:48:20.194+0000] {dag.py:3089} INFO - Sync 1 DAGs
[2026-05-05T22:48:20.214+0000] {logging_mixin.py:188} INFO - [2026-05-05T22:48:20.214+0000] {dag.py:3947} INFO - Setting next_dagrun for flood_event_pipeline to 2026-05-04 00:00:00+00:00, run_after=2026-05-05 00:00:00+00:00
[2026-05-05T22:48:20.247+0000] {processor.py:183} INFO - Processing /opt/airflow/dags/flood_event_pipeline_dag.py took 0.118 seconds
[2026-05-05T22:48:50.565+0000] {processor.py:161} INFO - Started process (PID=125) to work on /opt/airflow/dags/flood_event_pipeline_dag.py
[2026-05-05T22:48:50.566+0000] {processor.py:830} INFO - Processing file /opt/airflow/dags/flood_event_pipeline_dag.py for tasks to queue
[2026-05-05T22:48:50.568+0000] {logging_mixin.py:188} INFO - [2026-05-05T22:48:50.568+0000] {dagbag.py:545} INFO - Filling up the DagBag from /opt/airflow/dags/flood_event_pipeline_dag.py
[2026-05-05T22:48:50.587+0000] {processor.py:840} INFO - DAG(s) 'flood_event_pipeline' retrieved from /opt/airflow/dags/flood_event_pipeline_dag.py
[2026-05-05T22:48:50.607+0000] {logging_mixin.py:188} INFO - [2026-05-05T22:48:50.606+0000] {dag.py:3089} INFO - Sync 1 DAGs
[2026-05-05T22:48:50.620+0000] {logging_mixin.py:188} INFO - [2026-05-05T22:48:50.620+0000] {dag.py:3947} INFO - Setting next_dagrun for flood_event_pipeline to 2026-05-04 00:00:00+00:00, run_after=2026-05-05 00:00:00+00:00
[2026-05-05T22:48:50.653+0000] {processor.py:183} INFO - Processing /opt/airflow/dags/flood_event_pipeline_dag.py took 0.093 seconds
[2026-05-05T22:49:21.033+0000] {processor.py:161} INFO - Started process (PID=126) to work on /opt/airflow/dags/flood_event_pipeline_dag.py
[2026-05-05T22:49:21.034+0000] {processor.py:830} INFO - Processing file /opt/airflow/dags/flood_event_pipeline_dag.py for tasks to queue
[2026-05-05T22:49:21.036+0000] {logging_mixin.py:188} INFO - [2026-05-05T22:49:21.036+0000] {dagbag.py:545} INFO - Filling up the DagBag from /opt/airflow/dags/flood_event_pipeline_dag.py
[2026-05-05T22:49:21.054+0000] {processor.py:840} INFO - DAG(s) 'flood_event_pipeline' retrieved from /opt/airflow/dags/flood_event_pipeline_dag.py
[2026-05-05T22:49:21.075+0000] {logging_mixin.py:188} INFO - [2026-05-05T22:49:21.075+0000] {dag.py:3089} INFO - Sync 1 DAGs
[2026-05-05T22:49:21.089+0000] {logging_mixin.py:188} INFO - [2026-05-05T22:49:21.089+0000] {dag.py:3947} INFO - Setting next_dagrun for flood_event_pipeline to 2026-05-04 00:00:00+00:00, run_after=2026-05-05 00:00:00+00:00
[2026-05-05T22:49:21.107+0000] {processor.py:183} INFO - Processing /opt/airflow/dags/flood_event_pipeline_dag.py took 0.078 seconds
[2026-05-05T22:49:51.352+0000] {processor.py:161} INFO - Started process (PID=127) to work on /opt/airflow/dags/flood_event_pipeline_dag.py
[2026-05-05T22:49:51.353+0000] {processor.py:830} INFO - Processing file /opt/airflow/dags/flood_event_pipeline_dag.py for tasks to queue
[2026-05-05T22:49:51.354+0000] {logging_mixin.py:188} INFO - [2026-05-05T22:49:51.354+0000] {dagbag.py:545} INFO - Filling up the DagBag from /opt/airflow/dags/flood_event_pipeline_dag.py
[2026-05-05T22:49:51.369+0000] {processor.py:840} INFO - DAG(s) 'flood_event_pipeline' retrieved from /opt/airflow/dags/flood_event_pipeline_dag.py
[2026-05-05T22:49:51.389+0000] {logging_mixin.py:188} INFO - [2026-05-05T22:49:51.389+0000] {dag.py:3089} INFO - Sync 1 DAGs
[2026-05-05T22:49:51.403+0000] {logging_mixin.py:188} INFO - [2026-05-05T22:49:51.403+0000] {dag.py:3947} INFO - Setting next_dagrun for flood_event_pipeline to 2026-05-04 00:00:00+00:00, run_after=2026-05-05 00:00:00+00:00
[2026-05-05T22:49:51.434+0000] {processor.py:183} INFO - Processing /opt/airflow/dags/flood_event_pipeline_dag.py took 0.086 seconds
[2026-05-05T22:50:21.710+0000] {processor.py:161} INFO - Started process (PID=128) to work on /opt/airflow/dags/flood_event_pipeline_dag.py
[2026-05-05T22:50:21.711+0000] {processor.py:830} INFO - Processing file /opt/airflow/dags/flood_event_pipeline_dag.py for tasks to queue
[2026-05-05T22:50:21.714+0000] {logging_mixin.py:188} INFO - [2026-05-05T22:50:21.714+0000] {dagbag.py:545} INFO - Filling up the DagBag from /opt/airflow/dags/flood_event_pipeline_dag.py
[2026-05-05T22:50:21.750+0000] {processor.py:840} INFO - DAG(s) 'flood_event_pipeline' retrieved from /opt/airflow/dags/flood_event_pipeline_dag.py
[2026-05-05T22:50:21.774+0000] {logging_mixin.py:188} INFO - [2026-05-05T22:50:21.774+0000] {dag.py:3089} INFO - Sync 1 DAGs
[2026-05-05T22:50:21.790+0000] {logging_mixin.py:188} INFO - [2026-05-05T22:50:21.790+0000] {dag.py:3947} INFO - Setting next_dagrun for flood_event_pipeline to 2026-05-04 00:00:00+00:00, run_after=2026-05-05 00:00:00+00:00
[2026-05-05T22:50:21.812+0000] {processor.py:183} INFO - Processing /opt/airflow/dags/flood_event_pipeline_dag.py took 0.106 seconds
[2026-05-05T22:50:52.160+0000] {processor.py:161} INFO - Started process (PID=129) to work on /opt/airflow/dags/flood_event_pipeline_dag.py
[2026-05-05T22:50:52.161+0000] {processor.py:830} INFO - Processing file /opt/airflow/dags/flood_event_pipeline_dag.py for tasks to queue
[2026-05-05T22:50:52.162+0000] {logging_mixin.py:188} INFO - [2026-05-05T22:50:52.162+0000] {dagbag.py:545} INFO - Filling up the DagBag from /opt/airflow/dags/flood_event_pipeline_dag.py
[2026-05-05T22:50:52.180+0000] {processor.py:840} INFO - DAG(s) 'flood_event_pipeline' retrieved from /opt/airflow/dags/flood_event_pipeline_dag.py
[2026-05-05T22:50:52.206+0000] {logging_mixin.py:188} INFO - [2026-05-05T22:50:52.206+0000] {dag.py:3089} INFO - Sync 1 DAGs
[2026-05-05T22:50:52.221+0000] {logging_mixin.py:188} INFO - [2026-05-05T22:50:52.221+0000] {dag.py:3947} INFO - Setting next_dagrun for flood_event_pipeline to 2026-05-04 00:00:00+00:00, run_after=2026-05-05 00:00:00+00:00
[2026-05-05T22:50:52.338+0000] {processor.py:183} INFO - Processing /opt/airflow/dags/flood_event_pipeline_dag.py took 0.182 seconds
[2026-05-05T22:51:22.614+0000] {processor.py:161} INFO - Started process (PID=130) to work on /opt/airflow/dags/flood_event_pipeline_dag.py
[2026-05-05T22:51:22.616+0000] {processor.py:830} INFO - Processing file /opt/airflow/dags/flood_event_pipeline_dag.py for tasks to queue
[2026-05-05T22:51:22.617+0000] {logging_mixin.py:188} INFO - [2026-05-05T22:51:22.617+0000] {dagbag.py:545} INFO - Filling up the DagBag from /opt/airflow/dags/flood_event_pipeline_dag.py
[2026-05-05T22:51:22.632+0000] {processor.py:840} INFO - DAG(s) 'flood_event_pipeline' retrieved from /opt/airflow/dags/flood_event_pipeline_dag.py
[2026-05-05T22:51:22.651+0000] {logging_mixin.py:188} INFO - [2026-05-05T22:51:22.651+0000] {dag.py:3089} INFO - Sync 1 DAGs
[2026-05-05T22:51:22.764+0000] {logging_mixin.py:188} INFO - [2026-05-05T22:51:22.764+0000] {dag.py:3947} INFO - Setting next_dagrun for flood_event_pipeline to 2026-05-04 00:00:00+00:00, run_after=2026-05-05 00:00:00+00:00
[2026-05-05T22:51:22.792+0000] {processor.py:183} INFO - Processing /opt/airflow/dags/flood_event_pipeline_dag.py took 0.182 seconds
[2026-05-05T22:51:53.066+0000] {processor.py:161} INFO - Started process (PID=131) to work on /opt/airflow/dags/flood_event_pipeline_dag.py
[2026-05-05T22:51:53.068+0000] {processor.py:830} INFO - Processing file /opt/airflow/dags/flood_event_pipeline_dag.py for tasks to queue
[2026-05-05T22:51:53.069+0000] {logging_mixin.py:188} INFO - [2026-05-05T22:51:53.069+0000] {dagbag.py:545} INFO - Filling up the DagBag from /opt/airflow/dags/flood_event_pipeline_dag.py
[2026-05-05T22:51:53.094+0000] {processor.py:840} INFO - DAG(s) 'flood_event_pipeline' retrieved from /opt/airflow/dags/flood_event_pipeline_dag.py
[2026-05-05T22:51:53.115+0000] {logging_mixin.py:188} INFO - [2026-05-05T22:51:53.115+0000] {dag.py:3089} INFO - Sync 1 DAGs
[2026-05-05T22:51:53.254+0000] {logging_mixin.py:188} INFO - [2026-05-05T22:51:53.254+0000] {dag.py:3947} INFO - Setting next_dagrun for flood_event_pipeline to 2026-05-04 00:00:00+00:00, run_after=2026-05-05 00:00:00+00:00
[2026-05-05T22:51:53.273+0000] {processor.py:183} INFO - Processing /opt/airflow/dags/flood_event_pipeline_dag.py took 0.212 seconds
[2026-05-05T22:52:23.620+0000] {processor.py:161} INFO - Started process (PID=132) to work on /opt/airflow/dags/flood_event_pipeline_dag.py
[2026-05-05T22:52:23.622+0000] {processor.py:830} INFO - Processing file /opt/airflow/dags/flood_event_pipeline_dag.py for tasks to queue
[2026-05-05T22:52:23.623+0000] {logging_mixin.py:188} INFO - [2026-05-05T22:52:23.623+0000] {dagbag.py:545} INFO - Filling up the DagBag from /opt/airflow/dags/flood_event_pipeline_dag.py
[2026-05-05T22:52:23.646+0000] {processor.py:840} INFO - DAG(s) 'flood_event_pipeline' retrieved from /opt/airflow/dags/flood_event_pipeline_dag.py
[2026-05-05T22:52:23.790+0000] {logging_mixin.py:188} INFO - [2026-05-05T22:52:23.790+0000] {dag.py:3089} INFO - Sync 1 DAGs
[2026-05-05T22:52:23.804+0000] {logging_mixin.py:188} INFO - [2026-05-05T22:52:23.804+0000] {dag.py:3947} INFO - Setting next_dagrun for flood_event_pipeline to 2026-05-04 00:00:00+00:00, run_after=2026-05-05 00:00:00+00:00
[2026-05-05T22:52:23.825+0000] {processor.py:183} INFO - Processing /opt/airflow/dags/flood_event_pipeline_dag.py took 0.209 seconds
[2026-05-05T22:52:54.187+0000] {processor.py:161} INFO - Started process (PID=133) to work on /opt/airflow/dags/flood_event_pipeline_dag.py
[2026-05-05T22:52:54.188+0000] {processor.py:830} INFO - Processing file /opt/airflow/dags/flood_event_pipeline_dag.py for tasks to queue
[2026-05-05T22:52:54.190+0000] {logging_mixin.py:188} INFO - [2026-05-05T22:52:54.190+0000] {dagbag.py:545} INFO - Filling up the DagBag from /opt/airflow/dags/flood_event_pipeline_dag.py
[2026-05-05T22:52:54.215+0000] {processor.py:840} INFO - DAG(s) 'flood_event_pipeline' retrieved from /opt/airflow/dags/flood_event_pipeline_dag.py
[2026-05-05T22:52:54.354+0000] {logging_mixin.py:188} INFO - [2026-05-05T22:52:54.354+0000] {dag.py:3089} INFO - Sync 1 DAGs
[2026-05-05T22:52:54.368+0000] {logging_mixin.py:188} INFO - [2026-05-05T22:52:54.367+0000] {dag.py:3947} INFO - Setting next_dagrun for flood_event_pipeline to 2026-05-04 00:00:00+00:00, run_after=2026-05-05 00:00:00+00:00
[2026-05-05T22:52:54.391+0000] {processor.py:183} INFO - Processing /opt/airflow/dags/flood_event_pipeline_dag.py took 0.208 seconds
[2026-05-05T22:53:24.872+0000] {processor.py:161} INFO - Started process (PID=134) to work on /opt/airflow/dags/flood_event_pipeline_dag.py
[2026-05-05T22:53:24.873+0000] {processor.py:830} INFO - Processing file /opt/airflow/dags/flood_event_pipeline_dag.py for tasks to queue
[2026-05-05T22:53:24.876+0000] {logging_mixin.py:188} INFO - [2026-05-05T22:53:24.875+0000] {dagbag.py:545} INFO - Filling up the DagBag from /opt/airflow/dags/flood_event_pipeline_dag.py
[2026-05-05T22:53:24.901+0000] {processor.py:840} INFO - DAG(s) 'flood_event_pipeline' retrieved from /opt/airflow/dags/flood_event_pipeline_dag.py
[2026-05-05T22:53:24.926+0000] {logging_mixin.py:188} INFO - [2026-05-05T22:53:24.926+0000] {dag.py:3089} INFO - Sync 1 DAGs
[2026-05-05T22:53:24.943+0000] {logging_mixin.py:188} INFO - [2026-05-05T22:53:24.943+0000] {dag.py:3947} INFO - Setting next_dagrun for flood_event_pipeline to 2026-05-04 00:00:00+00:00, run_after=2026-05-05 00:00:00+00:00
[2026-05-05T22:53:24.975+0000] {processor.py:183} INFO - Processing /opt/airflow/dags/flood_event_pipeline_dag.py took 0.109 seconds
[2026-05-05T22:53:55.328+0000] {processor.py:161} INFO - Started process (PID=135) to work on /opt/airflow/dags/flood_event_pipeline_dag.py
[2026-05-05T22:53:55.329+0000] {processor.py:830} INFO - Processing file /opt/airflow/dags/flood_event_pipeline_dag.py for tasks to queue
[2026-05-05T22:53:55.331+0000] {logging_mixin.py:188} INFO - [2026-05-05T22:53:55.330+0000] {dagbag.py:545} INFO - Filling up the DagBag from /opt/airflow/dags/flood_event_pipeline_dag.py
[2026-05-05T22:53:55.354+0000] {processor.py:840} INFO - DAG(s) 'flood_event_pipeline' retrieved from /opt/airflow/dags/flood_event_pipeline_dag.py
[2026-05-05T22:53:55.378+0000] {logging_mixin.py:188} INFO - [2026-05-05T22:53:55.377+0000] {dag.py:3089} INFO - Sync 1 DAGs
[2026-05-05T22:53:55.395+0000] {logging_mixin.py:188} INFO - [2026-05-05T22:53:55.395+0000] {dag.py:3947} INFO - Setting next_dagrun for flood_event_pipeline to 2026-05-04 00:00:00+00:00, run_after=2026-05-05 00:00:00+00:00
[2026-05-05T22:53:55.428+0000] {processor.py:183} INFO - Processing /opt/airflow/dags/flood_event_pipeline_dag.py took 0.104 seconds
[2026-05-05T22:54:25.773+0000] {processor.py:161} INFO - Started process (PID=136) to work on /opt/airflow/dags/flood_event_pipeline_dag.py
[2026-05-05T22:54:25.774+0000] {processor.py:830} INFO - Processing file /opt/airflow/dags/flood_event_pipeline_dag.py for tasks to queue
[2026-05-05T22:54:25.776+0000] {logging_mixin.py:188} INFO - [2026-05-05T22:54:25.776+0000] {dagbag.py:545} INFO - Filling up the DagBag from /opt/airflow/dags/flood_event_pipeline_dag.py
[2026-05-05T22:54:25.805+0000] {processor.py:840} INFO - DAG(s) 'flood_event_pipeline' retrieved from /opt/airflow/dags/flood_event_pipeline_dag.py
[2026-05-05T22:54:25.830+0000] {logging_mixin.py:188} INFO - [2026-05-05T22:54:25.830+0000] {dag.py:3089} INFO - Sync 1 DAGs
[2026-05-05T22:54:25.847+0000] {logging_mixin.py:188} INFO - [2026-05-05T22:54:25.847+0000] {dag.py:3947} INFO - Setting next_dagrun for flood_event_pipeline to 2026-05-04 00:00:00+00:00, run_after=2026-05-05 00:00:00+00:00
[2026-05-05T22:54:25.880+0000] {processor.py:183} INFO - Processing /opt/airflow/dags/flood_event_pipeline_dag.py took 0.111 seconds
[2026-05-05T22:54:56.227+0000] {processor.py:161} INFO - Started process (PID=137) to work on /opt/airflow/dags/flood_event_pipeline_dag.py
[2026-05-05T22:54:56.229+0000] {processor.py:830} INFO - Processing file /opt/airflow/dags/flood_event_pipeline_dag.py for tasks to queue
[2026-05-05T22:54:56.230+0000] {logging_mixin.py:188} INFO - [2026-05-05T22:54:56.230+0000] {dagbag.py:545} INFO - Filling up the DagBag from /opt/airflow/dags/flood_event_pipeline_dag.py
[2026-05-05T22:54:56.254+0000] {processor.py:840} INFO - DAG(s) 'flood_event_pipeline' retrieved from /opt/airflow/dags/flood_event_pipeline_dag.py
[2026-05-05T22:54:56.276+0000] {logging_mixin.py:188} INFO - [2026-05-05T22:54:56.276+0000] {dag.py:3089} INFO - Sync 1 DAGs
[2026-05-05T22:54:56.296+0000] {logging_mixin.py:188} INFO - [2026-05-05T22:54:56.295+0000] {dag.py:3947} INFO - Setting next_dagrun for flood_event_pipeline to 2026-05-04 00:00:00+00:00, run_after=2026-05-05 00:00:00+00:00
[2026-05-05T22:54:56.320+0000] {processor.py:183} INFO - Processing /opt/airflow/dags/flood_event_pipeline_dag.py took 0.098 seconds
[2026-05-05T22:55:26.664+0000] {processor.py:161} INFO - Started process (PID=138) to work on /opt/airflow/dags/flood_event_pipeline_dag.py
[2026-05-05T22:55:26.665+0000] {processor.py:830} INFO - Processing file /opt/airflow/dags/flood_event_pipeline_dag.py for tasks to queue
[2026-05-05T22:55:26.667+0000] {logging_mixin.py:188} INFO - [2026-05-05T22:55:26.667+0000] {dagbag.py:545} INFO - Filling up the DagBag from /opt/airflow/dags/flood_event_pipeline_dag.py
[2026-05-05T22:55:26.696+0000] {processor.py:840} INFO - DAG(s) 'flood_event_pipeline' retrieved from /opt/airflow/dags/flood_event_pipeline_dag.py
[2026-05-05T22:55:26.721+0000] {logging_mixin.py:188} INFO - [2026-05-05T22:55:26.721+0000] {dag.py:3089} INFO - Sync 1 DAGs
[2026-05-05T22:55:26.738+0000] {logging_mixin.py:188} INFO - [2026-05-05T22:55:26.737+0000] {dag.py:3947} INFO - Setting next_dagrun for flood_event_pipeline to 2026-05-04 00:00:00+00:00, run_after=2026-05-05 00:00:00+00:00
[2026-05-05T22:55:26.762+0000] {processor.py:183} INFO - Processing /opt/airflow/dags/flood_event_pipeline_dag.py took 0.103 seconds
[2026-05-05T22:55:57.126+0000] {processor.py:161} INFO - Started process (PID=139) to work on /opt/airflow/dags/flood_event_pipeline_dag.py
[2026-05-05T22:55:57.127+0000] {processor.py:830} INFO - Processing file /opt/airflow/dags/flood_event_pipeline_dag.py for tasks to queue
[2026-05-05T22:55:57.128+0000] {logging_mixin.py:188} INFO - [2026-05-05T22:55:57.128+0000] {dagbag.py:545} INFO - Filling up the DagBag from /opt/airflow/dags/flood_event_pipeline_dag.py
[2026-05-05T22:55:57.144+0000] {processor.py:840} INFO - DAG(s) 'flood_event_pipeline' retrieved from /opt/airflow/dags/flood_event_pipeline_dag.py
[2026-05-05T22:55:57.165+0000] {logging_mixin.py:188} INFO - [2026-05-05T22:55:57.165+0000] {dag.py:3089} INFO - Sync 1 DAGs
[2026-05-05T22:55:57.181+0000] {logging_mixin.py:188} INFO - [2026-05-05T22:55:57.181+0000] {dag.py:3947} INFO - Setting next_dagrun for flood_event_pipeline to 2026-05-04 00:00:00+00:00, run_after=2026-05-05 00:00:00+00:00
[2026-05-05T22:55:57.202+0000] {processor.py:183} INFO - Processing /opt/airflow/dags/flood_event_pipeline_dag.py took 0.080 seconds
[2026-05-05T22:56:27.458+0000] {processor.py:161} INFO - Started process (PID=140) to work on /opt/airflow/dags/flood_event_pipeline_dag.py
[2026-05-05T22:56:27.459+0000] {processor.py:830} INFO - Processing file /opt/airflow/dags/flood_event_pipeline_dag.py for tasks to queue
[2026-05-05T22:56:27.460+0000] {logging_mixin.py:188} INFO - [2026-05-05T22:56:27.460+0000] {dagbag.py:545} INFO - Filling up the DagBag from /opt/airflow/dags/flood_event_pipeline_dag.py
[2026-05-05T22:56:27.480+0000] {processor.py:840} INFO - DAG(s) 'flood_event_pipeline' retrieved from /opt/airflow/dags/flood_event_pipeline_dag.py
[2026-05-05T22:56:27.502+0000] {logging_mixin.py:188} INFO - [2026-05-05T22:56:27.502+0000] {dag.py:3089} INFO - Sync 1 DAGs
[2026-05-05T22:56:27.521+0000] {logging_mixin.py:188} INFO - [2026-05-05T22:56:27.521+0000] {dag.py:3947} INFO - Setting next_dagrun for flood_event_pipeline to 2026-05-04 00:00:00+00:00, run_after=2026-05-05 00:00:00+00:00
[2026-05-05T22:56:27.558+0000] {processor.py:183} INFO - Processing /opt/airflow/dags/flood_event_pipeline_dag.py took 0.106 seconds
[2026-05-05T22:56:57.929+0000] {processor.py:161} INFO - Started process (PID=141) to work on /opt/airflow/dags/flood_event_pipeline_dag.py
[2026-05-05T22:56:57.930+0000] {processor.py:830} INFO - Processing file /opt/airflow/dags/flood_event_pipeline_dag.py for tasks to queue
[2026-05-05T22:56:57.932+0000] {logging_mixin.py:188} INFO - [2026-05-05T22:56:57.932+0000] {dagbag.py:545} INFO - Filling up the DagBag from /opt/airflow/dags/flood_event_pipeline_dag.py
[2026-05-05T22:56:57.965+0000] {processor.py:840} INFO - DAG(s) 'flood_event_pipeline' retrieved from /opt/airflow/dags/flood_event_pipeline_dag.py
[2026-05-05T22:56:57.989+0000] {logging_mixin.py:188} INFO - [2026-05-05T22:56:57.988+0000] {dag.py:3089} INFO - Sync 1 DAGs
[2026-05-05T22:56:58.006+0000] {logging_mixin.py:188} INFO - [2026-05-05T22:56:58.005+0000] {dag.py:3947} INFO - Setting next_dagrun for flood_event_pipeline to 2026-05-04 00:00:00+00:00, run_after=2026-05-05 00:00:00+00:00
[2026-05-05T22:56:58.039+0000] {processor.py:183} INFO - Processing /opt/airflow/dags/flood_event_pipeline_dag.py took 0.116 seconds
[2026-05-05T22:57:28.406+0000] {processor.py:161} INFO - Started process (PID=142) to work on /opt/airflow/dags/flood_event_pipeline_dag.py
[2026-05-05T22:57:28.407+0000] {processor.py:830} INFO - Processing file /opt/airflow/dags/flood_event_pipeline_dag.py for tasks to queue
[2026-05-05T22:57:28.409+0000] {logging_mixin.py:188} INFO - [2026-05-05T22:57:28.409+0000] {dagbag.py:545} INFO - Filling up the DagBag from /opt/airflow/dags/flood_event_pipeline_dag.py
[2026-05-05T22:57:28.437+0000] {processor.py:840} INFO - DAG(s) 'flood_event_pipeline' retrieved from /opt/airflow/dags/flood_event_pipeline_dag.py
[2026-05-05T22:57:28.461+0000] {logging_mixin.py:188} INFO - [2026-05-05T22:57:28.460+0000] {dag.py:3089} INFO - Sync 1 DAGs
[2026-05-05T22:57:28.478+0000] {logging_mixin.py:188} INFO - [2026-05-05T22:57:28.478+0000] {dag.py:3947} INFO - Setting next_dagrun for flood_event_pipeline to 2026-05-04 00:00:00+00:00, run_after=2026-05-05 00:00:00+00:00
[2026-05-05T22:57:28.513+0000] {processor.py:183} INFO - Processing /opt/airflow/dags/flood_event_pipeline_dag.py took 0.113 seconds
[2026-05-05T22:57:58.870+0000] {processor.py:161} INFO - Started process (PID=143) to work on /opt/airflow/dags/flood_event_pipeline_dag.py
[2026-05-05T22:57:58.871+0000] {processor.py:830} INFO - Processing file /opt/airflow/dags/flood_event_pipeline_dag.py for tasks to queue
[2026-05-05T22:57:58.873+0000] {logging_mixin.py:188} INFO - [2026-05-05T22:57:58.873+0000] {dagbag.py:545} INFO - Filling up the DagBag from /opt/airflow/dags/flood_event_pipeline_dag.py
[2026-05-05T22:57:58.905+0000] {processor.py:840} INFO - DAG(s) 'flood_event_pipeline' retrieved from /opt/airflow/dags/flood_event_pipeline_dag.py
[2026-05-05T22:57:58.929+0000] {logging_mixin.py:188} INFO - [2026-05-05T22:57:58.929+0000] {dag.py:3089} INFO - Sync 1 DAGs
[2026-05-05T22:57:58.948+0000] {logging_mixin.py:188} INFO - [2026-05-05T22:57:58.947+0000] {dag.py:3947} INFO - Setting next_dagrun for flood_event_pipeline to 2026-05-04 00:00:00+00:00, run_after=2026-05-05 00:00:00+00:00
[2026-05-05T22:57:58.971+0000] {processor.py:183} INFO - Processing /opt/airflow/dags/flood_event_pipeline_dag.py took 0.107 seconds
[2026-05-05T22:58:29.300+0000] {processor.py:161} INFO - Started process (PID=144) to work on /opt/airflow/dags/flood_event_pipeline_dag.py
[2026-05-05T22:58:29.302+0000] {processor.py:830} INFO - Processing file /opt/airflow/dags/flood_event_pipeline_dag.py for tasks to queue
[2026-05-05T22:58:29.304+0000] {logging_mixin.py:188} INFO - [2026-05-05T22:58:29.304+0000] {dagbag.py:545} INFO - Filling up the DagBag from /opt/airflow/dags/flood_event_pipeline_dag.py
[2026-05-05T22:58:29.329+0000] {processor.py:840} INFO - DAG(s) 'flood_event_pipeline' retrieved from /opt/airflow/dags/flood_event_pipeline_dag.py
[2026-05-05T22:58:29.353+0000] {logging_mixin.py:188} INFO - [2026-05-05T22:58:29.353+0000] {dag.py:3089} INFO - Sync 1 DAGs
[2026-05-05T22:58:29.371+0000] {logging_mixin.py:188} INFO - [2026-05-05T22:58:29.371+0000] {dag.py:3947} INFO - Setting next_dagrun for flood_event_pipeline to 2026-05-04 00:00:00+00:00, run_after=2026-05-05 00:00:00+00:00
[2026-05-05T22:58:29.393+0000] {processor.py:183} INFO - Processing /opt/airflow/dags/flood_event_pipeline_dag.py took 0.097 seconds
[2026-05-05T22:58:59.761+0000] {processor.py:161} INFO - Started process (PID=145) to work on /opt/airflow/dags/flood_event_pipeline_dag.py
[2026-05-05T22:58:59.762+0000] {processor.py:830} INFO - Processing file /opt/airflow/dags/flood_event_pipeline_dag.py for tasks to queue
[2026-05-05T22:58:59.764+0000] {logging_mixin.py:188} INFO - [2026-05-05T22:58:59.764+0000] {dagbag.py:545} INFO - Filling up the DagBag from /opt/airflow/dags/flood_event_pipeline_dag.py
[2026-05-05T22:58:59.784+0000] {processor.py:840} INFO - DAG(s) 'flood_event_pipeline' retrieved from /opt/airflow/dags/flood_event_pipeline_dag.py
[2026-05-05T22:58:59.807+0000] {logging_mixin.py:188} INFO - [2026-05-05T22:58:59.807+0000] {dag.py:3089} INFO - Sync 1 DAGs
[2026-05-05T22:58:59.823+0000] {logging_mixin.py:188} INFO - [2026-05-05T22:58:59.823+0000] {dag.py:3947} INFO - Setting next_dagrun for flood_event_pipeline to 2026-05-04 00:00:00+00:00, run_after=2026-05-05 00:00:00+00:00
[2026-05-05T22:58:59.846+0000] {processor.py:183} INFO - Processing /opt/airflow/dags/flood_event_pipeline_dag.py took 0.090 seconds
[2026-05-05T22:59:30.128+0000] {processor.py:161} INFO - Started process (PID=146) to work on /opt/airflow/dags/flood_event_pipeline_dag.py
[2026-05-05T22:59:30.130+0000] {processor.py:830} INFO - Processing file /opt/airflow/dags/flood_event_pipeline_dag.py for tasks to queue
[2026-05-05T22:59:30.132+0000] {logging_mixin.py:188} INFO - [2026-05-05T22:59:30.131+0000] {dagbag.py:545} INFO - Filling up the DagBag from /opt/airflow/dags/flood_event_pipeline_dag.py
[2026-05-05T22:59:30.154+0000] {processor.py:840} INFO - DAG(s) 'flood_event_pipeline' retrieved from /opt/airflow/dags/flood_event_pipeline_dag.py
[2026-05-05T22:59:30.177+0000] {logging_mixin.py:188} INFO - [2026-05-05T22:59:30.177+0000] {dag.py:3089} INFO - Sync 1 DAGs
[2026-05-05T22:59:30.193+0000] {logging_mixin.py:188} INFO - [2026-05-05T22:59:30.193+0000] {dag.py:3947} INFO - Setting next_dagrun for flood_event_pipeline to 2026-05-04 00:00:00+00:00, run_after=2026-05-05 00:00:00+00:00
[2026-05-05T22:59:30.225+0000] {processor.py:183} INFO - Processing /opt/airflow/dags/flood_event_pipeline_dag.py took 0.102 seconds
[2026-05-05T23:00:00.585+0000] {processor.py:161} INFO - Started process (PID=147) to work on /opt/airflow/dags/flood_event_pipeline_dag.py
[2026-05-05T23:00:00.587+0000] {processor.py:830} INFO - Processing file /opt/airflow/dags/flood_event_pipeline_dag.py for tasks to queue
[2026-05-05T23:00:00.589+0000] {logging_mixin.py:188} INFO - [2026-05-05T23:00:00.588+0000] {dagbag.py:545} INFO - Filling up the DagBag from /opt/airflow/dags/flood_event_pipeline_dag.py
[2026-05-05T23:00:00.612+0000] {processor.py:840} INFO - DAG(s) 'flood_event_pipeline' retrieved from /opt/airflow/dags/flood_event_pipeline_dag.py
[2026-05-05T23:00:00.636+0000] {logging_mixin.py:188} INFO - [2026-05-05T23:00:00.636+0000] {dag.py:3089} INFO - Sync 1 DAGs
[2026-05-05T23:00:00.653+0000] {logging_mixin.py:188} INFO - [2026-05-05T23:00:00.652+0000] {dag.py:3947} INFO - Setting next_dagrun for flood_event_pipeline to 2026-05-04 00:00:00+00:00, run_after=2026-05-05 00:00:00+00:00
[2026-05-05T23:00:00.675+0000] {processor.py:183} INFO - Processing /opt/airflow/dags/flood_event_pipeline_dag.py took 0.095 seconds
[2026-05-05T23:00:31.018+0000] {processor.py:161} INFO - Started process (PID=148) to work on /opt/airflow/dags/flood_event_pipeline_dag.py
[2026-05-05T23:00:31.019+0000] {processor.py:830} INFO - Processing file /opt/airflow/dags/flood_event_pipeline_dag.py for tasks to queue
[2026-05-05T23:00:31.021+0000] {logging_mixin.py:188} INFO - [2026-05-05T23:00:31.020+0000] {dagbag.py:545} INFO - Filling up the DagBag from /opt/airflow/dags/flood_event_pipeline_dag.py
[2026-05-05T23:00:31.038+0000] {processor.py:840} INFO - DAG(s) 'flood_event_pipeline' retrieved from /opt/airflow/dags/flood_event_pipeline_dag.py
[2026-05-05T23:00:31.059+0000] {logging_mixin.py:188} INFO - [2026-05-05T23:00:31.059+0000] {dag.py:3089} INFO - Sync 1 DAGs
[2026-05-05T23:00:31.075+0000] {logging_mixin.py:188} INFO - [2026-05-05T23:00:31.075+0000] {dag.py:3947} INFO - Setting next_dagrun for flood_event_pipeline to 2026-05-04 00:00:00+00:00, run_after=2026-05-05 00:00:00+00:00
[2026-05-05T23:00:31.105+0000] {processor.py:183} INFO - Processing /opt/airflow/dags/flood_event_pipeline_dag.py took 0.091 seconds
[2026-05-05T23:01:01.314+0000] {processor.py:161} INFO - Started process (PID=149) to work on /opt/airflow/dags/flood_event_pipeline_dag.py
[2026-05-05T23:01:01.315+0000] {processor.py:830} INFO - Processing file /opt/airflow/dags/flood_event_pipeline_dag.py for tasks to queue
[2026-05-05T23:01:01.317+0000] {logging_mixin.py:188} INFO - [2026-05-05T23:01:01.317+0000] {dagbag.py:545} INFO - Filling up the DagBag from /opt/airflow/dags/flood_event_pipeline_dag.py
[2026-05-05T23:01:01.343+0000] {processor.py:840} INFO - DAG(s) 'flood_event_pipeline' retrieved from /opt/airflow/dags/flood_event_pipeline_dag.py
[2026-05-05T23:01:01.364+0000] {logging_mixin.py:188} INFO - [2026-05-05T23:01:01.363+0000] {dag.py:3089} INFO - Sync 1 DAGs
[2026-05-05T23:01:01.379+0000] {logging_mixin.py:188} INFO - [2026-05-05T23:01:01.379+0000] {dag.py:3947} INFO - Setting next_dagrun for flood_event_pipeline to 2026-05-04 00:00:00+00:00, run_after=2026-05-05 00:00:00+00:00
[2026-05-05T23:01:01.411+0000] {processor.py:183} INFO - Processing /opt/airflow/dags/flood_event_pipeline_dag.py took 0.102 seconds
[2026-05-05T23:01:31.609+0000] {processor.py:161} INFO - Started process (PID=150) to work on /opt/airflow/dags/flood_event_pipeline_dag.py
[2026-05-05T23:01:31.610+0000] {processor.py:830} INFO - Processing file /opt/airflow/dags/flood_event_pipeline_dag.py for tasks to queue
[2026-05-05T23:01:31.612+0000] {logging_mixin.py:188} INFO - [2026-05-05T23:01:31.611+0000] {dagbag.py:545} INFO - Filling up the DagBag from /opt/airflow/dags/flood_event_pipeline_dag.py
[2026-05-05T23:01:31.631+0000] {processor.py:840} INFO - DAG(s) 'flood_event_pipeline' retrieved from /opt/airflow/dags/flood_event_pipeline_dag.py
[2026-05-05T23:01:31.651+0000] {logging_mixin.py:188} INFO - [2026-05-05T23:01:31.650+0000] {dag.py:3089} INFO - Sync 1 DAGs
[2026-05-05T23:01:31.664+0000] {logging_mixin.py:188} INFO - [2026-05-05T23:01:31.664+0000] {dag.py:3947} INFO - Setting next_dagrun for flood_event_pipeline to 2026-05-04 00:00:00+00:00, run_after=2026-05-05 00:00:00+00:00
[2026-05-05T23:01:31.693+0000] {processor.py:183} INFO - Processing /opt/airflow/dags/flood_event_pipeline_dag.py took 0.089 seconds
[2026-05-05T23:02:01.802+0000] {processor.py:161} INFO - Started process (PID=151) to work on /opt/airflow/dags/flood_event_pipeline_dag.py
[2026-05-05T23:02:01.803+0000] {processor.py:830} INFO - Processing file /opt/airflow/dags/flood_event_pipeline_dag.py for tasks to queue
[2026-05-05T23:02:01.805+0000] {logging_mixin.py:188} INFO - [2026-05-05T23:02:01.804+0000] {dagbag.py:545} INFO - Filling up the DagBag from /opt/airflow/dags/flood_event_pipeline_dag.py
[2026-05-05T23:02:01.820+0000] {processor.py:840} INFO - DAG(s) 'flood_event_pipeline' retrieved from /opt/airflow/dags/flood_event_pipeline_dag.py
[2026-05-05T23:02:01.840+0000] {logging_mixin.py:188} INFO - [2026-05-05T23:02:01.840+0000] {dag.py:3089} INFO - Sync 1 DAGs
[2026-05-05T23:02:01.853+0000] {logging_mixin.py:188} INFO - [2026-05-05T23:02:01.853+0000] {dag.py:3947} INFO - Setting next_dagrun for flood_event_pipeline to 2026-05-04 00:00:00+00:00, run_after=2026-05-05 00:00:00+00:00
[2026-05-05T23:02:01.879+0000] {processor.py:183} INFO - Processing /opt/airflow/dags/flood_event_pipeline_dag.py took 0.082 seconds
[2026-05-05T23:02:31.996+0000] {processor.py:161} INFO - Started process (PID=152) to work on /opt/airflow/dags/flood_event_pipeline_dag.py
[2026-05-05T23:02:31.997+0000] {processor.py:830} INFO - Processing file /opt/airflow/dags/flood_event_pipeline_dag.py for tasks to queue
[2026-05-05T23:02:31.999+0000] {logging_mixin.py:188} INFO - [2026-05-05T23:02:31.999+0000] {dagbag.py:545} INFO - Filling up the DagBag from /opt/airflow/dags/flood_event_pipeline_dag.py
[2026-05-05T23:02:32.019+0000] {processor.py:840} INFO - DAG(s) 'flood_event_pipeline' retrieved from /opt/airflow/dags/flood_event_pipeline_dag.py
[2026-05-05T23:02:32.038+0000] {logging_mixin.py:188} INFO - [2026-05-05T23:02:32.037+0000] {dag.py:3089} INFO - Sync 1 DAGs
[2026-05-05T23:02:32.052+0000] {logging_mixin.py:188} INFO - [2026-05-05T23:02:32.051+0000] {dag.py:3947} INFO - Setting next_dagrun for flood_event_pipeline to 2026-05-04 00:00:00+00:00, run_after=2026-05-05 00:00:00+00:00
[2026-05-05T23:02:32.072+0000] {processor.py:183} INFO - Processing /opt/airflow/dags/flood_event_pipeline_dag.py took 0.080 seconds
[2026-05-05T23:03:02.184+0000] {processor.py:161} INFO - Started process (PID=153) to work on /opt/airflow/dags/flood_event_pipeline_dag.py
[2026-05-05T23:03:02.185+0000] {processor.py:830} INFO - Processing file /opt/airflow/dags/flood_event_pipeline_dag.py for tasks to queue
[2026-05-05T23:03:02.187+0000] {logging_mixin.py:188} INFO - [2026-05-05T23:03:02.187+0000] {dagbag.py:545} INFO - Filling up the DagBag from /opt/airflow/dags/flood_event_pipeline_dag.py
[2026-05-05T23:03:02.207+0000] {processor.py:840} INFO - DAG(s) 'flood_event_pipeline' retrieved from /opt/airflow/dags/flood_event_pipeline_dag.py
[2026-05-05T23:03:02.227+0000] {logging_mixin.py:188} INFO - [2026-05-05T23:03:02.227+0000] {dag.py:3089} INFO - Sync 1 DAGs
[2026-05-05T23:03:02.242+0000] {logging_mixin.py:188} INFO - [2026-05-05T23:03:02.242+0000] {dag.py:3947} INFO - Setting next_dagrun for flood_event_pipeline to 2026-05-04 00:00:00+00:00, run_after=2026-05-05 00:00:00+00:00
[2026-05-05T23:03:02.276+0000] {processor.py:183} INFO - Processing /opt/airflow/dags/flood_event_pipeline_dag.py took 0.096 seconds
[2026-05-05T23:03:32.483+0000] {processor.py:161} INFO - Started process (PID=154) to work on /opt/airflow/dags/flood_event_pipeline_dag.py
[2026-05-05T23:03:32.484+0000] {processor.py:830} INFO - Processing file /opt/airflow/dags/flood_event_pipeline_dag.py for tasks to queue
[2026-05-05T23:03:32.486+0000] {logging_mixin.py:188} INFO - [2026-05-05T23:03:32.485+0000] {dagbag.py:545} INFO - Filling up the DagBag from /opt/airflow/dags/flood_event_pipeline_dag.py
[2026-05-05T23:03:32.508+0000] {processor.py:840} INFO - DAG(s) 'flood_event_pipeline' retrieved from /opt/airflow/dags/flood_event_pipeline_dag.py
[2026-05-05T23:03:32.531+0000] {logging_mixin.py:188} INFO - [2026-05-05T23:03:32.531+0000] {dag.py:3089} INFO - Sync 1 DAGs
[2026-05-05T23:03:32.549+0000] {logging_mixin.py:188} INFO - [2026-05-05T23:03:32.548+0000] {dag.py:3947} INFO - Setting next_dagrun for flood_event_pipeline to 2026-05-04 00:00:00+00:00, run_after=2026-05-05 00:00:00+00:00
[2026-05-05T23:03:32.580+0000] {processor.py:183} INFO - Processing /opt/airflow/dags/flood_event_pipeline_dag.py took 0.103 seconds
[2026-05-05T23:04:02.782+0000] {processor.py:161} INFO - Started process (PID=155) to work on /opt/airflow/dags/flood_event_pipeline_dag.py
[2026-05-05T23:04:02.783+0000] {processor.py:830} INFO - Processing file /opt/airflow/dags/flood_event_pipeline_dag.py for tasks to queue
[2026-05-05T23:04:02.785+0000] {logging_mixin.py:188} INFO - [2026-05-05T23:04:02.785+0000] {dagbag.py:545} INFO - Filling up the DagBag from /opt/airflow/dags/flood_event_pipeline_dag.py
[2026-05-05T23:04:02.811+0000] {processor.py:840} INFO - DAG(s) 'flood_event_pipeline' retrieved from /opt/airflow/dags/flood_event_pipeline_dag.py
[2026-05-05T23:04:02.831+0000] {logging_mixin.py:188} INFO - [2026-05-05T23:04:02.831+0000] {dag.py:3089} INFO - Sync 1 DAGs
[2026-05-05T23:04:02.848+0000] {logging_mixin.py:188} INFO - [2026-05-05T23:04:02.848+0000] {dag.py:3947} INFO - Setting next_dagrun for flood_event_pipeline to 2026-05-04 00:00:00+00:00, run_after=2026-05-05 00:00:00+00:00
[2026-05-05T23:04:02.867+0000] {processor.py:183} INFO - Processing /opt/airflow/dags/flood_event_pipeline_dag.py took 0.090 seconds
[2026-05-05T23:04:33.087+0000] {processor.py:161} INFO - Started process (PID=156) to work on /opt/airflow/dags/flood_event_pipeline_dag.py
[2026-05-05T23:04:33.089+0000] {processor.py:830} INFO - Processing file /opt/airflow/dags/flood_event_pipeline_dag.py for tasks to queue
[2026-05-05T23:04:33.091+0000] {logging_mixin.py:188} INFO - [2026-05-05T23:04:33.090+0000] {dagbag.py:545} INFO - Filling up the DagBag from /opt/airflow/dags/flood_event_pipeline_dag.py
[2026-05-05T23:04:33.124+0000] {processor.py:840} INFO - DAG(s) 'flood_event_pipeline' retrieved from /opt/airflow/dags/flood_event_pipeline_dag.py
[2026-05-05T23:04:33.149+0000] {logging_mixin.py:188} INFO - [2026-05-05T23:04:33.149+0000] {dag.py:3089} INFO - Sync 1 DAGs
[2026-05-05T23:04:33.166+0000] {logging_mixin.py:188} INFO - [2026-05-05T23:04:33.166+0000] {dag.py:3947} INFO - Setting next_dagrun for flood_event_pipeline to 2026-05-04 00:00:00+00:00, run_after=2026-05-05 00:00:00+00:00
[2026-05-05T23:04:33.191+0000] {processor.py:183} INFO - Processing /opt/airflow/dags/flood_event_pipeline_dag.py took 0.110 seconds
[2026-05-05T23:05:03.401+0000] {processor.py:161} INFO - Started process (PID=157) to work on /opt/airflow/dags/flood_event_pipeline_dag.py
[2026-05-05T23:05:03.403+0000] {processor.py:830} INFO - Processing file /opt/airflow/dags/flood_event_pipeline_dag.py for tasks to queue
[2026-05-05T23:05:03.405+0000] {logging_mixin.py:188} INFO - [2026-05-05T23:05:03.405+0000] {dagbag.py:545} INFO - Filling up the DagBag from /opt/airflow/dags/flood_event_pipeline_dag.py
[2026-05-05T23:05:03.439+0000] {processor.py:840} INFO - DAG(s) 'flood_event_pipeline' retrieved from /opt/airflow/dags/flood_event_pipeline_dag.py
[2026-05-05T23:05:03.463+0000] {logging_mixin.py:188} INFO - [2026-05-05T23:05:03.463+0000] {dag.py:3089} INFO - Sync 1 DAGs
[2026-05-05T23:05:03.481+0000] {logging_mixin.py:188} INFO - [2026-05-05T23:05:03.481+0000] {dag.py:3947} INFO - Setting next_dagrun for flood_event_pipeline to 2026-05-04 00:00:00+00:00, run_after=2026-05-05 00:00:00+00:00
[2026-05-05T23:05:03.503+0000] {processor.py:183} INFO - Processing /opt/airflow/dags/flood_event_pipeline_dag.py took 0.107 seconds
[2026-05-05T23:05:33.723+0000] {processor.py:161} INFO - Started process (PID=158) to work on /opt/airflow/dags/flood_event_pipeline_dag.py
[2026-05-05T23:05:33.725+0000] {processor.py:830} INFO - Processing file /opt/airflow/dags/flood_event_pipeline_dag.py for tasks to queue
[2026-05-05T23:05:33.727+0000] {logging_mixin.py:188} INFO - [2026-05-05T23:05:33.726+0000] {dagbag.py:545} INFO - Filling up the DagBag from /opt/airflow/dags/flood_event_pipeline_dag.py
[2026-05-05T23:05:33.752+0000] {processor.py:840} INFO - DAG(s) 'flood_event_pipeline' retrieved from /opt/airflow/dags/flood_event_pipeline_dag.py
[2026-05-05T23:05:33.776+0000] {logging_mixin.py:188} INFO - [2026-05-05T23:05:33.775+0000] {dag.py:3089} INFO - Sync 1 DAGs
[2026-05-05T23:05:33.792+0000] {logging_mixin.py:188} INFO - [2026-05-05T23:05:33.792+0000] {dag.py:3947} INFO - Setting next_dagrun for flood_event_pipeline to 2026-05-04 00:00:00+00:00, run_after=2026-05-05 00:00:00+00:00
[2026-05-05T23:05:33.825+0000] {processor.py:183} INFO - Processing /opt/airflow/dags/flood_event_pipeline_dag.py took 0.107 seconds
[2026-05-05T23:06:04.031+0000] {processor.py:161} INFO - Started process (PID=159) to work on /opt/airflow/dags/flood_event_pipeline_dag.py
[2026-05-05T23:06:04.032+0000] {processor.py:830} INFO - Processing file /opt/airflow/dags/flood_event_pipeline_dag.py for tasks to queue
[2026-05-05T23:06:04.034+0000] {logging_mixin.py:188} INFO - [2026-05-05T23:06:04.034+0000] {dagbag.py:545} INFO - Filling up the DagBag from /opt/airflow/dags/flood_event_pipeline_dag.py
[2026-05-05T23:06:04.057+0000] {processor.py:840} INFO - DAG(s) 'flood_event_pipeline' retrieved from /opt/airflow/dags/flood_event_pipeline_dag.py
[2026-05-05T23:06:04.079+0000] {logging_mixin.py:188} INFO - [2026-05-05T23:06:04.079+0000] {dag.py:3089} INFO - Sync 1 DAGs
[2026-05-05T23:06:04.094+0000] {logging_mixin.py:188} INFO - [2026-05-05T23:06:04.094+0000] {dag.py:3947} INFO - Setting next_dagrun for flood_event_pipeline to 2026-05-04 00:00:00+00:00, run_after=2026-05-05 00:00:00+00:00
[2026-05-05T23:06:04.127+0000] {processor.py:183} INFO - Processing /opt/airflow/dags/flood_event_pipeline_dag.py took 0.101 seconds
[2026-05-05T23:06:34.356+0000] {processor.py:161} INFO - Started process (PID=160) to work on /opt/airflow/dags/flood_event_pipeline_dag.py
[2026-05-05T23:06:34.357+0000] {processor.py:830} INFO - Processing file /opt/airflow/dags/flood_event_pipeline_dag.py for tasks to queue
[2026-05-05T23:06:34.359+0000] {logging_mixin.py:188} INFO - [2026-05-05T23:06:34.359+0000] {dagbag.py:545} INFO - Filling up the DagBag from /opt/airflow/dags/flood_event_pipeline_dag.py
[2026-05-05T23:06:34.390+0000] {processor.py:840} INFO - DAG(s) 'flood_event_pipeline' retrieved from /opt/airflow/dags/flood_event_pipeline_dag.py
[2026-05-05T23:06:34.413+0000] {logging_mixin.py:188} INFO - [2026-05-05T23:06:34.413+0000] {dag.py:3089} INFO - Sync 1 DAGs
[2026-05-05T23:06:34.431+0000] {logging_mixin.py:188} INFO - [2026-05-05T23:06:34.430+0000] {dag.py:3947} INFO - Setting next_dagrun for flood_event_pipeline to 2026-05-04 00:00:00+00:00, run_after=2026-05-05 00:00:00+00:00
[2026-05-05T23:06:34.453+0000] {processor.py:183} INFO - Processing /opt/airflow/dags/flood_event_pipeline_dag.py took 0.103 seconds
[2026-05-05T23:07:04.656+0000] {processor.py:161} INFO - Started process (PID=161) to work on /opt/airflow/dags/flood_event_pipeline_dag.py
[2026-05-05T23:07:04.657+0000] {processor.py:830} INFO - Processing file /opt/airflow/dags/flood_event_pipeline_dag.py for tasks to queue
[2026-05-05T23:07:04.659+0000] {logging_mixin.py:188} INFO - [2026-05-05T23:07:04.659+0000] {dagbag.py:545} INFO - Filling up the DagBag from /opt/airflow/dags/flood_event_pipeline_dag.py
[2026-05-05T23:07:04.684+0000] {processor.py:840} INFO - DAG(s) 'flood_event_pipeline' retrieved from /opt/airflow/dags/flood_event_pipeline_dag.py
[2026-05-05T23:07:04.706+0000] {logging_mixin.py:188} INFO - [2026-05-05T23:07:04.706+0000] {dag.py:3089} INFO - Sync 1 DAGs
[2026-05-05T23:07:04.723+0000] {logging_mixin.py:188} INFO - [2026-05-05T23:07:04.723+0000] {dag.py:3947} INFO - Setting next_dagrun for flood_event_pipeline to 2026-05-04 00:00:00+00:00, run_after=2026-05-05 00:00:00+00:00
[2026-05-05T23:07:04.742+0000] {processor.py:183} INFO - Processing /opt/airflow/dags/flood_event_pipeline_dag.py took 0.092 seconds
[2026-05-05T23:07:34.968+0000] {processor.py:161} INFO - Started process (PID=162) to work on /opt/airflow/dags/flood_event_pipeline_dag.py
[2026-05-05T23:07:34.969+0000] {processor.py:830} INFO - Processing file /opt/airflow/dags/flood_event_pipeline_dag.py for tasks to queue
[2026-05-05T23:07:34.971+0000] {logging_mixin.py:188} INFO - [2026-05-05T23:07:34.971+0000] {dagbag.py:545} INFO - Filling up the DagBag from /opt/airflow/dags/flood_event_pipeline_dag.py
[2026-05-05T23:07:35.002+0000] {processor.py:840} INFO - DAG(s) 'flood_event_pipeline' retrieved from /opt/airflow/dags/flood_event_pipeline_dag.py
[2026-05-05T23:07:35.024+0000] {logging_mixin.py:188} INFO - [2026-05-05T23:07:35.024+0000] {dag.py:3089} INFO - Sync 1 DAGs
[2026-05-05T23:07:35.041+0000] {logging_mixin.py:188} INFO - [2026-05-05T23:07:35.040+0000] {dag.py:3947} INFO - Setting next_dagrun for flood_event_pipeline to 2026-05-04 00:00:00+00:00, run_after=2026-05-05 00:00:00+00:00
[2026-05-05T23:07:35.061+0000] {processor.py:183} INFO - Processing /opt/airflow/dags/flood_event_pipeline_dag.py took 0.098 seconds
[2026-05-05T23:08:05.260+0000] {processor.py:161} INFO - Started process (PID=163) to work on /opt/airflow/dags/flood_event_pipeline_dag.py
[2026-05-05T23:08:05.261+0000] {processor.py:830} INFO - Processing file /opt/airflow/dags/flood_event_pipeline_dag.py for tasks to queue
[2026-05-05T23:08:05.262+0000] {logging_mixin.py:188} INFO - [2026-05-05T23:08:05.262+0000] {dagbag.py:545} INFO - Filling up the DagBag from /opt/airflow/dags/flood_event_pipeline_dag.py
[2026-05-05T23:08:05.278+0000] {processor.py:840} INFO - DAG(s) 'flood_event_pipeline' retrieved from /opt/airflow/dags/flood_event_pipeline_dag.py
[2026-05-05T23:08:05.295+0000] {logging_mixin.py:188} INFO - [2026-05-05T23:08:05.295+0000] {dag.py:3089} INFO - Sync 1 DAGs
[2026-05-05T23:08:05.308+0000] {logging_mixin.py:188} INFO - [2026-05-05T23:08:05.308+0000] {dag.py:3947} INFO - Setting next_dagrun for flood_event_pipeline to 2026-05-04 00:00:00+00:00, run_after=2026-05-05 00:00:00+00:00
[2026-05-05T23:08:05.327+0000] {processor.py:183} INFO - Processing /opt/airflow/dags/flood_event_pipeline_dag.py took 0.071 seconds
[2026-05-05T23:08:35.456+0000] {processor.py:161} INFO - Started process (PID=164) to work on /opt/airflow/dags/flood_event_pipeline_dag.py
[2026-05-05T23:08:35.457+0000] {processor.py:830} INFO - Processing file /opt/airflow/dags/flood_event_pipeline_dag.py for tasks to queue
[2026-05-05T23:08:35.459+0000] {logging_mixin.py:188} INFO - [2026-05-05T23:08:35.459+0000] {dagbag.py:545} INFO - Filling up the DagBag from /opt/airflow/dags/flood_event_pipeline_dag.py
[2026-05-05T23:08:35.474+0000] {processor.py:840} INFO - DAG(s) 'flood_event_pipeline' retrieved from /opt/airflow/dags/flood_event_pipeline_dag.py
[2026-05-05T23:08:35.494+0000] {logging_mixin.py:188} INFO - [2026-05-05T23:08:35.494+0000] {dag.py:3089} INFO - Sync 1 DAGs
[2026-05-05T23:08:35.508+0000] {logging_mixin.py:188} INFO - [2026-05-05T23:08:35.508+0000] {dag.py:3947} INFO - Setting next_dagrun for flood_event_pipeline to 2026-05-04 00:00:00+00:00, run_after=2026-05-05 00:00:00+00:00
[2026-05-05T23:08:35.539+0000] {processor.py:183} INFO - Processing /opt/airflow/dags/flood_event_pipeline_dag.py took 0.088 seconds
[2026-05-05T23:09:05.654+0000] {processor.py:161} INFO - Started process (PID=165) to work on /opt/airflow/dags/flood_event_pipeline_dag.py
[2026-05-05T23:09:05.655+0000] {processor.py:830} INFO - Processing file /opt/airflow/dags/flood_event_pipeline_dag.py for tasks to queue
[2026-05-05T23:09:05.657+0000] {logging_mixin.py:188} INFO - [2026-05-05T23:09:05.657+0000] {dagbag.py:545} INFO - Filling up the DagBag from /opt/airflow/dags/flood_event_pipeline_dag.py
[2026-05-05T23:09:05.677+0000] {processor.py:840} INFO - DAG(s) 'flood_event_pipeline' retrieved from /opt/airflow/dags/flood_event_pipeline_dag.py
[2026-05-05T23:09:05.696+0000] {logging_mixin.py:188} INFO - [2026-05-05T23:09:05.696+0000] {dag.py:3089} INFO - Sync 1 DAGs
[2026-05-05T23:09:05.710+0000] {logging_mixin.py:188} INFO - [2026-05-05T23:09:05.710+0000] {dag.py:3947} INFO - Setting next_dagrun for flood_event_pipeline to 2026-05-04 00:00:00+00:00, run_after=2026-05-05 00:00:00+00:00
[2026-05-05T23:09:05.743+0000] {processor.py:183} INFO - Processing /opt/airflow/dags/flood_event_pipeline_dag.py took 0.093 seconds
[2026-05-05T23:09:35.969+0000] {processor.py:161} INFO - Started process (PID=166) to work on /opt/airflow/dags/flood_event_pipeline_dag.py
[2026-05-05T23:09:35.970+0000] {processor.py:830} INFO - Processing file /opt/airflow/dags/flood_event_pipeline_dag.py for tasks to queue
[2026-05-05T23:09:35.972+0000] {logging_mixin.py:188} INFO - [2026-05-05T23:09:35.972+0000] {dagbag.py:545} INFO - Filling up the DagBag from /opt/airflow/dags/flood_event_pipeline_dag.py
[2026-05-05T23:09:36.009+0000] {processor.py:840} INFO - DAG(s) 'flood_event_pipeline' retrieved from /opt/airflow/dags/flood_event_pipeline_dag.py
[2026-05-05T23:09:36.029+0000] {logging_mixin.py:188} INFO - [2026-05-05T23:09:36.028+0000] {dag.py:3089} INFO - Sync 1 DAGs
[2026-05-05T23:09:36.046+0000] {logging_mixin.py:188} INFO - [2026-05-05T23:09:36.046+0000] {dag.py:3947} INFO - Setting next_dagrun for flood_event_pipeline to 2026-05-04 00:00:00+00:00, run_after=2026-05-05 00:00:00+00:00
[2026-05-05T23:09:36.077+0000] {processor.py:183} INFO - Processing /opt/airflow/dags/flood_event_pipeline_dag.py took 0.113 seconds
[2026-05-05T23:10:06.263+0000] {processor.py:161} INFO - Started process (PID=167) to work on /opt/airflow/dags/flood_event_pipeline_dag.py
[2026-05-05T23:10:06.263+0000] {processor.py:830} INFO - Processing file /opt/airflow/dags/flood_event_pipeline_dag.py for tasks to queue
[2026-05-05T23:10:06.265+0000] {logging_mixin.py:188} INFO - [2026-05-05T23:10:06.265+0000] {dagbag.py:545} INFO - Filling up the DagBag from /opt/airflow/dags/flood_event_pipeline_dag.py
[2026-05-05T23:10:06.297+0000] {processor.py:840} INFO - DAG(s) 'flood_event_pipeline' retrieved from /opt/airflow/dags/flood_event_pipeline_dag.py
[2026-05-05T23:10:06.320+0000] {logging_mixin.py:188} INFO - [2026-05-05T23:10:06.319+0000] {dag.py:3089} INFO - Sync 1 DAGs
[2026-05-05T23:10:06.333+0000] {logging_mixin.py:188} INFO - [2026-05-05T23:10:06.333+0000] {dag.py:3947} INFO - Setting next_dagrun for flood_event_pipeline to 2026-05-04 00:00:00+00:00, run_after=2026-05-05 00:00:00+00:00
[2026-05-05T23:10:06.366+0000] {processor.py:183} INFO - Processing /opt/airflow/dags/flood_event_pipeline_dag.py took 0.108 seconds
[2026-05-05T23:10:36.545+0000] {processor.py:161} INFO - Started process (PID=168) to work on /opt/airflow/dags/flood_event_pipeline_dag.py
[2026-05-05T23:10:36.546+0000] {processor.py:830} INFO - Processing file /opt/airflow/dags/flood_event_pipeline_dag.py for tasks to queue
[2026-05-05T23:10:36.547+0000] {logging_mixin.py:188} INFO - [2026-05-05T23:10:36.547+0000] {dagbag.py:545} INFO - Filling up the DagBag from /opt/airflow/dags/flood_event_pipeline_dag.py
[2026-05-05T23:10:36.567+0000] {processor.py:840} INFO - DAG(s) 'flood_event_pipeline' retrieved from /opt/airflow/dags/flood_event_pipeline_dag.py
[2026-05-05T23:10:36.585+0000] {logging_mixin.py:188} INFO - [2026-05-05T23:10:36.585+0000] {dag.py:3089} INFO - Sync 1 DAGs
[2026-05-05T23:10:36.597+0000] {logging_mixin.py:188} INFO - [2026-05-05T23:10:36.597+0000] {dag.py:3947} INFO - Setting next_dagrun for flood_event_pipeline to 2026-05-04 00:00:00+00:00, run_after=2026-05-05 00:00:00+00:00
[2026-05-05T23:10:36.627+0000] {processor.py:183} INFO - Processing /opt/airflow/dags/flood_event_pipeline_dag.py took 0.086 seconds
[2026-05-05T23:11:06.713+0000] {processor.py:161} INFO - Started process (PID=169) to work on /opt/airflow/dags/flood_event_pipeline_dag.py
[2026-05-05T23:11:06.714+0000] {processor.py:830} INFO - Processing file /opt/airflow/dags/flood_event_pipeline_dag.py for tasks to queue
[2026-05-05T23:11:06.715+0000] {logging_mixin.py:188} INFO - [2026-05-05T23:11:06.715+0000] {dagbag.py:545} INFO - Filling up the DagBag from /opt/airflow/dags/flood_event_pipeline_dag.py
[2026-05-05T23:11:06.731+0000] {processor.py:840} INFO - DAG(s) 'flood_event_pipeline' retrieved from /opt/airflow/dags/flood_event_pipeline_dag.py
[2026-05-05T23:11:06.749+0000] {logging_mixin.py:188} INFO - [2026-05-05T23:11:06.749+0000] {dag.py:3089} INFO - Sync 1 DAGs
[2026-05-05T23:11:06.762+0000] {logging_mixin.py:188} INFO - [2026-05-05T23:11:06.761+0000] {dag.py:3947} INFO - Setting next_dagrun for flood_event_pipeline to 2026-05-04 00:00:00+00:00, run_after=2026-05-05 00:00:00+00:00
[2026-05-05T23:11:06.792+0000] {processor.py:183} INFO - Processing /opt/airflow/dags/flood_event_pipeline_dag.py took 0.083 seconds
[2026-05-05T23:11:36.882+0000] {processor.py:161} INFO - Started process (PID=170) to work on /opt/airflow/dags/flood_event_pipeline_dag.py
[2026-05-05T23:11:36.883+0000] {processor.py:830} INFO - Processing file /opt/airflow/dags/flood_event_pipeline_dag.py for tasks to queue
[2026-05-05T23:11:36.884+0000] {logging_mixin.py:188} INFO - [2026-05-05T23:11:36.884+0000] {dagbag.py:545} INFO - Filling up the DagBag from /opt/airflow/dags/flood_event_pipeline_dag.py
[2026-05-05T23:11:36.901+0000] {processor.py:840} INFO - DAG(s) 'flood_event_pipeline' retrieved from /opt/airflow/dags/flood_event_pipeline_dag.py
[2026-05-05T23:11:36.919+0000] {logging_mixin.py:188} INFO - [2026-05-05T23:11:36.919+0000] {dag.py:3089} INFO - Sync 1 DAGs
[2026-05-05T23:11:36.932+0000] {logging_mixin.py:188} INFO - [2026-05-05T23:11:36.932+0000] {dag.py:3947} INFO - Setting next_dagrun for flood_event_pipeline to 2026-05-04 00:00:00+00:00, run_after=2026-05-05 00:00:00+00:00
[2026-05-05T23:11:36.962+0000] {processor.py:183} INFO - Processing /opt/airflow/dags/flood_event_pipeline_dag.py took 0.084 seconds
[2026-05-05T23:12:07.058+0000] {processor.py:161} INFO - Started process (PID=171) to work on /opt/airflow/dags/flood_event_pipeline_dag.py
[2026-05-05T23:12:07.060+0000] {processor.py:830} INFO - Processing file /opt/airflow/dags/flood_event_pipeline_dag.py for tasks to queue
[2026-05-05T23:12:07.062+0000] {logging_mixin.py:188} INFO - [2026-05-05T23:12:07.061+0000] {dagbag.py:545} INFO - Filling up the DagBag from /opt/airflow/dags/flood_event_pipeline_dag.py
[2026-05-05T23:12:07.089+0000] {processor.py:840} INFO - DAG(s) 'flood_event_pipeline' retrieved from /opt/airflow/dags/flood_event_pipeline_dag.py
[2026-05-05T23:12:07.111+0000] {logging_mixin.py:188} INFO - [2026-05-05T23:12:07.110+0000] {dag.py:3089} INFO - Sync 1 DAGs
[2026-05-05T23:12:07.126+0000] {logging_mixin.py:188} INFO - [2026-05-05T23:12:07.125+0000] {dag.py:3947} INFO - Setting next_dagrun for flood_event_pipeline to 2026-05-04 00:00:00+00:00, run_after=2026-05-05 00:00:00+00:00
[2026-05-05T23:12:07.147+0000] {processor.py:183} INFO - Processing /opt/airflow/dags/flood_event_pipeline_dag.py took 0.093 seconds
[2026-05-05T23:12:37.341+0000] {processor.py:161} INFO - Started process (PID=172) to work on /opt/airflow/dags/flood_event_pipeline_dag.py
[2026-05-05T23:12:37.343+0000] {processor.py:830} INFO - Processing file /opt/airflow/dags/flood_event_pipeline_dag.py for tasks to queue
[2026-05-05T23:12:37.345+0000] {logging_mixin.py:188} INFO - [2026-05-05T23:12:37.344+0000] {dagbag.py:545} INFO - Filling up the DagBag from /opt/airflow/dags/flood_event_pipeline_dag.py
[2026-05-05T23:12:37.377+0000] {processor.py:840} INFO - DAG(s) 'flood_event_pipeline' retrieved from /opt/airflow/dags/flood_event_pipeline_dag.py
[2026-05-05T23:12:37.399+0000] {logging_mixin.py:188} INFO - [2026-05-05T23:12:37.399+0000] {dag.py:3089} INFO - Sync 1 DAGs
[2026-05-05T23:12:37.417+0000] {logging_mixin.py:188} INFO - [2026-05-05T23:12:37.416+0000] {dag.py:3947} INFO - Setting next_dagrun for flood_event_pipeline to 2026-05-04 00:00:00+00:00, run_after=2026-05-05 00:00:00+00:00
[2026-05-05T23:12:37.449+0000] {processor.py:183} INFO - Processing /opt/airflow/dags/flood_event_pipeline_dag.py took 0.113 seconds
[2026-05-05T23:13:07.606+0000] {processor.py:161} INFO - Started process (PID=173) to work on /opt/airflow/dags/flood_event_pipeline_dag.py
[2026-05-05T23:13:07.607+0000] {processor.py:830} INFO - Processing file /opt/airflow/dags/flood_event_pipeline_dag.py for tasks to queue
[2026-05-05T23:13:07.609+0000] {logging_mixin.py:188} INFO - [2026-05-05T23:13:07.609+0000] {dagbag.py:545} INFO - Filling up the DagBag from /opt/airflow/dags/flood_event_pipeline_dag.py
[2026-05-05T23:13:07.632+0000] {processor.py:840} INFO - DAG(s) 'flood_event_pipeline' retrieved from /opt/airflow/dags/flood_event_pipeline_dag.py
[2026-05-05T23:13:07.653+0000] {logging_mixin.py:188} INFO - [2026-05-05T23:13:07.653+0000] {dag.py:3089} INFO - Sync 1 DAGs
[2026-05-05T23:13:07.669+0000] {logging_mixin.py:188} INFO - [2026-05-05T23:13:07.669+0000] {dag.py:3947} INFO - Setting next_dagrun for flood_event_pipeline to 2026-05-04 00:00:00+00:00, run_after=2026-05-05 00:00:00+00:00
[2026-05-05T23:13:07.702+0000] {processor.py:183} INFO - Processing /opt/airflow/dags/flood_event_pipeline_dag.py took 0.100 seconds
[2026-05-05T23:13:37.887+0000] {processor.py:161} INFO - Started process (PID=174) to work on /opt/airflow/dags/flood_event_pipeline_dag.py
[2026-05-05T23:13:37.888+0000] {processor.py:830} INFO - Processing file /opt/airflow/dags/flood_event_pipeline_dag.py for tasks to queue
[2026-05-05T23:13:37.892+0000] {logging_mixin.py:188} INFO - [2026-05-05T23:13:37.891+0000] {dagbag.py:545} INFO - Filling up the DagBag from /opt/airflow/dags/flood_event_pipeline_dag.py
[2026-05-05T23:13:37.928+0000] {processor.py:840} INFO - DAG(s) 'flood_event_pipeline' retrieved from /opt/airflow/dags/flood_event_pipeline_dag.py
[2026-05-05T23:13:37.950+0000] {logging_mixin.py:188} INFO - [2026-05-05T23:13:37.950+0000] {dag.py:3089} INFO - Sync 1 DAGs
[2026-05-05T23:13:37.967+0000] {logging_mixin.py:188} INFO - [2026-05-05T23:13:37.967+0000] {dag.py:3947} INFO - Setting next_dagrun for flood_event_pipeline to 2026-05-04 00:00:00+00:00, run_after=2026-05-05 00:00:00+00:00
[2026-05-05T23:13:37.989+0000] {processor.py:183} INFO - Processing /opt/airflow/dags/flood_event_pipeline_dag.py took 0.107 seconds
[2026-05-05T23:14:08.140+0000] {processor.py:161} INFO - Started process (PID=175) to work on /opt/airflow/dags/flood_event_pipeline_dag.py
[2026-05-05T23:14:08.141+0000] {processor.py:830} INFO - Processing file /opt/airflow/dags/flood_event_pipeline_dag.py for tasks to queue
[2026-05-05T23:14:08.143+0000] {logging_mixin.py:188} INFO - [2026-05-05T23:14:08.143+0000] {dagbag.py:545} INFO - Filling up the DagBag from /opt/airflow/dags/flood_event_pipeline_dag.py
[2026-05-05T23:14:08.162+0000] {processor.py:840} INFO - DAG(s) 'flood_event_pipeline' retrieved from /opt/airflow/dags/flood_event_pipeline_dag.py
[2026-05-05T23:14:08.185+0000] {logging_mixin.py:188} INFO - [2026-05-05T23:14:08.184+0000] {dag.py:3089} INFO - Sync 1 DAGs
[2026-05-05T23:14:08.200+0000] {logging_mixin.py:188} INFO - [2026-05-05T23:14:08.200+0000] {dag.py:3947} INFO - Setting next_dagrun for flood_event_pipeline to 2026-05-04 00:00:00+00:00, run_after=2026-05-05 00:00:00+00:00
[2026-05-05T23:14:08.232+0000] {processor.py:183} INFO - Processing /opt/airflow/dags/flood_event_pipeline_dag.py took 0.096 seconds
[2026-05-05T23:14:38.414+0000] {processor.py:161} INFO - Started process (PID=176) to work on /opt/airflow/dags/flood_event_pipeline_dag.py
[2026-05-05T23:14:38.415+0000] {processor.py:830} INFO - Processing file /opt/airflow/dags/flood_event_pipeline_dag.py for tasks to queue
[2026-05-05T23:14:38.417+0000] {logging_mixin.py:188} INFO - [2026-05-05T23:14:38.417+0000] {dagbag.py:545} INFO - Filling up the DagBag from /opt/airflow/dags/flood_event_pipeline_dag.py
[2026-05-05T23:14:38.443+0000] {processor.py:840} INFO - DAG(s) 'flood_event_pipeline' retrieved from /opt/airflow/dags/flood_event_pipeline_dag.py
[2026-05-05T23:14:38.466+0000] {logging_mixin.py:188} INFO - [2026-05-05T23:14:38.466+0000] {dag.py:3089} INFO - Sync 1 DAGs
[2026-05-05T23:14:38.484+0000] {logging_mixin.py:188} INFO - [2026-05-05T23:14:38.484+0000] {dag.py:3947} INFO - Setting next_dagrun for flood_event_pipeline to 2026-05-04 00:00:00+00:00, run_after=2026-05-05 00:00:00+00:00
[2026-05-05T23:14:38.506+0000] {processor.py:183} INFO - Processing /opt/airflow/dags/flood_event_pipeline_dag.py took 0.098 seconds
[2026-05-05T23:15:08.676+0000] {processor.py:161} INFO - Started process (PID=177) to work on /opt/airflow/dags/flood_event_pipeline_dag.py
[2026-05-05T23:15:08.677+0000] {processor.py:830} INFO - Processing file /opt/airflow/dags/flood_event_pipeline_dag.py for tasks to queue
[2026-05-05T23:15:08.679+0000] {logging_mixin.py:188} INFO - [2026-05-05T23:15:08.678+0000] {dagbag.py:545} INFO - Filling up the DagBag from /opt/airflow/dags/flood_event_pipeline_dag.py
[2026-05-05T23:15:08.705+0000] {processor.py:840} INFO - DAG(s) 'flood_event_pipeline' retrieved from /opt/airflow/dags/flood_event_pipeline_dag.py
[2026-05-05T23:15:08.727+0000] {logging_mixin.py:188} INFO - [2026-05-05T23:15:08.726+0000] {dag.py:3089} INFO - Sync 1 DAGs
[2026-05-05T23:15:08.743+0000] {logging_mixin.py:188} INFO - [2026-05-05T23:15:08.743+0000] {dag.py:3947} INFO - Setting next_dagrun for flood_event_pipeline to 2026-05-04 00:00:00+00:00, run_after=2026-05-05 00:00:00+00:00
[2026-05-05T23:15:08.776+0000] {processor.py:183} INFO - Processing /opt/airflow/dags/flood_event_pipeline_dag.py took 0.105 seconds
[2026-05-05T23:15:38.957+0000] {processor.py:161} INFO - Started process (PID=178) to work on /opt/airflow/dags/flood_event_pipeline_dag.py
[2026-05-05T23:15:38.960+0000] {processor.py:830} INFO - Processing file /opt/airflow/dags/flood_event_pipeline_dag.py for tasks to queue
[2026-05-05T23:15:38.962+0000] {logging_mixin.py:188} INFO - [2026-05-05T23:15:38.962+0000] {dagbag.py:545} INFO - Filling up the DagBag from /opt/airflow/dags/flood_event_pipeline_dag.py
[2026-05-05T23:15:38.994+0000] {processor.py:840} INFO - DAG(s) 'flood_event_pipeline' retrieved from /opt/airflow/dags/flood_event_pipeline_dag.py
[2026-05-05T23:15:39.017+0000] {logging_mixin.py:188} INFO - [2026-05-05T23:15:39.016+0000] {dag.py:3089} INFO - Sync 1 DAGs
[2026-05-05T23:15:39.035+0000] {logging_mixin.py:188} INFO - [2026-05-05T23:15:39.035+0000] {dag.py:3947} INFO - Setting next_dagrun for flood_event_pipeline to 2026-05-04 00:00:00+00:00, run_after=2026-05-05 00:00:00+00:00
[2026-05-05T23:15:39.057+0000] {processor.py:183} INFO - Processing /opt/airflow/dags/flood_event_pipeline_dag.py took 0.106 seconds
[2026-05-05T23:16:09.230+0000] {processor.py:161} INFO - Started process (PID=179) to work on /opt/airflow/dags/flood_event_pipeline_dag.py
[2026-05-05T23:16:09.231+0000] {processor.py:830} INFO - Processing file /opt/airflow/dags/flood_event_pipeline_dag.py for tasks to queue
[2026-05-05T23:16:09.233+0000] {logging_mixin.py:188} INFO - [2026-05-05T23:16:09.233+0000] {dagbag.py:545} INFO - Filling up the DagBag from /opt/airflow/dags/flood_event_pipeline_dag.py
[2026-05-05T23:16:09.262+0000] {processor.py:840} INFO - DAG(s) 'flood_event_pipeline' retrieved from /opt/airflow/dags/flood_event_pipeline_dag.py
[2026-05-05T23:16:09.284+0000] {logging_mixin.py:188} INFO - [2026-05-05T23:16:09.284+0000] {dag.py:3089} INFO - Sync 1 DAGs
[2026-05-05T23:16:09.302+0000] {logging_mixin.py:188} INFO - [2026-05-05T23:16:09.301+0000] {dag.py:3947} INFO - Setting next_dagrun for flood_event_pipeline to 2026-05-04 00:00:00+00:00, run_after=2026-05-05 00:00:00+00:00
[2026-05-05T23:16:09.322+0000] {processor.py:183} INFO - Processing /opt/airflow/dags/flood_event_pipeline_dag.py took 0.098 seconds
[2026-05-05T23:16:39.509+0000] {processor.py:161} INFO - Started process (PID=180) to work on /opt/airflow/dags/flood_event_pipeline_dag.py
[2026-05-05T23:16:39.510+0000] {processor.py:830} INFO - Processing file /opt/airflow/dags/flood_event_pipeline_dag.py for tasks to queue
[2026-05-05T23:16:39.512+0000] {logging_mixin.py:188} INFO - [2026-05-05T23:16:39.511+0000] {dagbag.py:545} INFO - Filling up the DagBag from /opt/airflow/dags/flood_event_pipeline_dag.py
[2026-05-05T23:16:39.537+0000] {processor.py:840} INFO - DAG(s) 'flood_event_pipeline' retrieved from /opt/airflow/dags/flood_event_pipeline_dag.py
[2026-05-05T23:16:39.559+0000] {logging_mixin.py:188} INFO - [2026-05-05T23:16:39.559+0000] {dag.py:3089} INFO - Sync 1 DAGs
[2026-05-05T23:16:39.575+0000] {logging_mixin.py:188} INFO - [2026-05-05T23:16:39.575+0000] {dag.py:3947} INFO - Setting next_dagrun for flood_event_pipeline to 2026-05-04 00:00:00+00:00, run_after=2026-05-05 00:00:00+00:00
[2026-05-05T23:16:39.609+0000] {processor.py:183} INFO - Processing /opt/airflow/dags/flood_event_pipeline_dag.py took 0.106 seconds
[2026-05-05T23:17:09.788+0000] {processor.py:161} INFO - Started process (PID=181) to work on /opt/airflow/dags/flood_event_pipeline_dag.py
[2026-05-05T23:17:09.789+0000] {processor.py:830} INFO - Processing file /opt/airflow/dags/flood_event_pipeline_dag.py for tasks to queue
[2026-05-05T23:17:09.792+0000] {logging_mixin.py:188} INFO - [2026-05-05T23:17:09.791+0000] {dagbag.py:545} INFO - Filling up the DagBag from /opt/airflow/dags/flood_event_pipeline_dag.py
[2026-05-05T23:17:09.821+0000] {processor.py:840} INFO - DAG(s) 'flood_event_pipeline' retrieved from /opt/airflow/dags/flood_event_pipeline_dag.py
[2026-05-05T23:17:09.844+0000] {logging_mixin.py:188} INFO - [2026-05-05T23:17:09.844+0000] {dag.py:3089} INFO - Sync 1 DAGs
[2026-05-05T23:17:09.862+0000] {logging_mixin.py:188} INFO - [2026-05-05T23:17:09.862+0000] {dag.py:3947} INFO - Setting next_dagrun for flood_event_pipeline to 2026-05-04 00:00:00+00:00, run_after=2026-05-05 00:00:00+00:00
[2026-05-05T23:17:09.884+0000] {processor.py:183} INFO - Processing /opt/airflow/dags/flood_event_pipeline_dag.py took 0.102 seconds
[2026-05-05T23:17:40.066+0000] {processor.py:161} INFO - Started process (PID=182) to work on /opt/airflow/dags/flood_event_pipeline_dag.py
[2026-05-05T23:17:40.068+0000] {processor.py:830} INFO - Processing file /opt/airflow/dags/flood_event_pipeline_dag.py for tasks to queue
[2026-05-05T23:17:40.070+0000] {logging_mixin.py:188} INFO - [2026-05-05T23:17:40.069+0000] {dagbag.py:545} INFO - Filling up the DagBag from /opt/airflow/dags/flood_event_pipeline_dag.py
[2026-05-05T23:17:40.099+0000] {processor.py:840} INFO - DAG(s) 'flood_event_pipeline' retrieved from /opt/airflow/dags/flood_event_pipeline_dag.py
[2026-05-05T23:17:40.126+0000] {logging_mixin.py:188} INFO - [2026-05-05T23:17:40.125+0000] {dag.py:3089} INFO - Sync 1 DAGs
[2026-05-05T23:17:40.144+0000] {logging_mixin.py:188} INFO - [2026-05-05T23:17:40.144+0000] {dag.py:3947} INFO - Setting next_dagrun for flood_event_pipeline to 2026-05-04 00:00:00+00:00, run_after=2026-05-05 00:00:00+00:00
[2026-05-05T23:17:40.168+0000] {processor.py:183} INFO - Processing /opt/airflow/dags/flood_event_pipeline_dag.py took 0.108 seconds
[2026-05-05T23:18:10.358+0000] {processor.py:161} INFO - Started process (PID=183) to work on /opt/airflow/dags/flood_event_pipeline_dag.py
[2026-05-05T23:18:10.360+0000] {processor.py:830} INFO - Processing file /opt/airflow/dags/flood_event_pipeline_dag.py for tasks to queue
[2026-05-05T23:18:10.363+0000] {logging_mixin.py:188} INFO - [2026-05-05T23:18:10.363+0000] {dagbag.py:545} INFO - Filling up the DagBag from /opt/airflow/dags/flood_event_pipeline_dag.py
[2026-05-05T23:18:10.401+0000] {processor.py:840} INFO - DAG(s) 'flood_event_pipeline' retrieved from /opt/airflow/dags/flood_event_pipeline_dag.py
[2026-05-05T23:18:10.430+0000] {logging_mixin.py:188} INFO - [2026-05-05T23:18:10.430+0000] {dag.py:3089} INFO - Sync 1 DAGs
[2026-05-05T23:18:10.452+0000] {logging_mixin.py:188} INFO - [2026-05-05T23:18:10.451+0000] {dag.py:3947} INFO - Setting next_dagrun for flood_event_pipeline to 2026-05-04 00:00:00+00:00, run_after=2026-05-05 00:00:00+00:00
[2026-05-05T23:18:10.488+0000] {processor.py:183} INFO - Processing /opt/airflow/dags/flood_event_pipeline_dag.py took 0.137 seconds
[2026-05-05T23:18:40.642+0000] {processor.py:161} INFO - Started process (PID=184) to work on /opt/airflow/dags/flood_event_pipeline_dag.py
[2026-05-05T23:18:40.644+0000] {processor.py:830} INFO - Processing file /opt/airflow/dags/flood_event_pipeline_dag.py for tasks to queue
[2026-05-05T23:18:40.646+0000] {logging_mixin.py:188} INFO - [2026-05-05T23:18:40.646+0000] {dagbag.py:545} INFO - Filling up the DagBag from /opt/airflow/dags/flood_event_pipeline_dag.py
[2026-05-05T23:18:40.675+0000] {processor.py:840} INFO - DAG(s) 'flood_event_pipeline' retrieved from /opt/airflow/dags/flood_event_pipeline_dag.py
[2026-05-05T23:18:40.698+0000] {logging_mixin.py:188} INFO - [2026-05-05T23:18:40.698+0000] {dag.py:3089} INFO - Sync 1 DAGs
[2026-05-05T23:18:40.716+0000] {logging_mixin.py:188} INFO - [2026-05-05T23:18:40.715+0000] {dag.py:3947} INFO - Setting next_dagrun for flood_event_pipeline to 2026-05-04 00:00:00+00:00, run_after=2026-05-05 00:00:00+00:00
[2026-05-05T23:18:40.738+0000] {processor.py:183} INFO - Processing /opt/airflow/dags/flood_event_pipeline_dag.py took 0.101 seconds
[2026-05-05T23:19:10.916+0000] {processor.py:161} INFO - Started process (PID=185) to work on /opt/airflow/dags/flood_event_pipeline_dag.py
[2026-05-05T23:19:10.917+0000] {processor.py:830} INFO - Processing file /opt/airflow/dags/flood_event_pipeline_dag.py for tasks to queue
[2026-05-05T23:19:10.920+0000] {logging_mixin.py:188} INFO - [2026-05-05T23:19:10.919+0000] {dagbag.py:545} INFO - Filling up the DagBag from /opt/airflow/dags/flood_event_pipeline_dag.py
[2026-05-05T23:19:10.946+0000] {processor.py:840} INFO - DAG(s) 'flood_event_pipeline' retrieved from /opt/airflow/dags/flood_event_pipeline_dag.py
[2026-05-05T23:19:10.967+0000] {logging_mixin.py:188} INFO - [2026-05-05T23:19:10.967+0000] {dag.py:3089} INFO - Sync 1 DAGs
[2026-05-05T23:19:10.983+0000] {logging_mixin.py:188} INFO - [2026-05-05T23:19:10.983+0000] {dag.py:3947} INFO - Setting next_dagrun for flood_event_pipeline to 2026-05-04 00:00:00+00:00, run_after=2026-05-05 00:00:00+00:00
[2026-05-05T23:19:11.003+0000] {processor.py:183} INFO - Processing /opt/airflow/dags/flood_event_pipeline_dag.py took 0.092 seconds
[2026-05-05T23:19:41.195+0000] {processor.py:161} INFO - Started process (PID=186) to work on /opt/airflow/dags/flood_event_pipeline_dag.py
[2026-05-05T23:19:41.196+0000] {processor.py:830} INFO - Processing file /opt/airflow/dags/flood_event_pipeline_dag.py for tasks to queue
[2026-05-05T23:19:41.197+0000] {logging_mixin.py:188} INFO - [2026-05-05T23:19:41.197+0000] {dagbag.py:545} INFO - Filling up the DagBag from /opt/airflow/dags/flood_event_pipeline_dag.py
[2026-05-05T23:19:41.215+0000] {processor.py:840} INFO - DAG(s) 'flood_event_pipeline' retrieved from /opt/airflow/dags/flood_event_pipeline_dag.py
[2026-05-05T23:19:41.234+0000] {logging_mixin.py:188} INFO - [2026-05-05T23:19:41.234+0000] {dag.py:3089} INFO - Sync 1 DAGs
[2026-05-05T23:19:41.246+0000] {logging_mixin.py:188} INFO - [2026-05-05T23:19:41.246+0000] {dag.py:3947} INFO - Setting next_dagrun for flood_event_pipeline to 2026-05-04 00:00:00+00:00, run_after=2026-05-05 00:00:00+00:00
[2026-05-05T23:19:41.266+0000] {processor.py:183} INFO - Processing /opt/airflow/dags/flood_event_pipeline_dag.py took 0.075 seconds
[2026-05-05T23:20:11.386+0000] {processor.py:161} INFO - Started process (PID=187) to work on /opt/airflow/dags/flood_event_pipeline_dag.py
[2026-05-05T23:20:11.387+0000] {processor.py:830} INFO - Processing file /opt/airflow/dags/flood_event_pipeline_dag.py for tasks to queue
[2026-05-05T23:20:11.390+0000] {logging_mixin.py:188} INFO - [2026-05-05T23:20:11.389+0000] {dagbag.py:545} INFO - Filling up the DagBag from /opt/airflow/dags/flood_event_pipeline_dag.py
[2026-05-05T23:20:11.414+0000] {processor.py:840} INFO - DAG(s) 'flood_event_pipeline' retrieved from /opt/airflow/dags/flood_event_pipeline_dag.py
[2026-05-05T23:20:11.433+0000] {logging_mixin.py:188} INFO - [2026-05-05T23:20:11.432+0000] {dag.py:3089} INFO - Sync 1 DAGs
[2026-05-05T23:20:11.445+0000] {logging_mixin.py:188} INFO - [2026-05-05T23:20:11.445+0000] {dag.py:3947} INFO - Setting next_dagrun for flood_event_pipeline to 2026-05-04 00:00:00+00:00, run_after=2026-05-05 00:00:00+00:00
[2026-05-05T23:20:11.464+0000] {processor.py:183} INFO - Processing /opt/airflow/dags/flood_event_pipeline_dag.py took 0.082 seconds
[2026-05-05T23:20:41.555+0000] {processor.py:161} INFO - Started process (PID=188) to work on /opt/airflow/dags/flood_event_pipeline_dag.py
[2026-05-05T23:20:41.557+0000] {processor.py:830} INFO - Processing file /opt/airflow/dags/flood_event_pipeline_dag.py for tasks to queue
[2026-05-05T23:20:41.559+0000] {logging_mixin.py:188} INFO - [2026-05-05T23:20:41.558+0000] {dagbag.py:545} INFO - Filling up the DagBag from /opt/airflow/dags/flood_event_pipeline_dag.py
[2026-05-05T23:20:41.582+0000] {processor.py:840} INFO - DAG(s) 'flood_event_pipeline' retrieved from /opt/airflow/dags/flood_event_pipeline_dag.py
[2026-05-05T23:20:41.607+0000] {logging_mixin.py:188} INFO - [2026-05-05T23:20:41.607+0000] {dag.py:3089} INFO - Sync 1 DAGs
[2026-05-05T23:20:41.625+0000] {logging_mixin.py:188} INFO - [2026-05-05T23:20:41.625+0000] {dag.py:3947} INFO - Setting next_dagrun for flood_event_pipeline to 2026-05-04 00:00:00+00:00, run_after=2026-05-05 00:00:00+00:00
[2026-05-05T23:20:41.645+0000] {processor.py:183} INFO - Processing /opt/airflow/dags/flood_event_pipeline_dag.py took 0.095 seconds
[2026-05-05T23:21:11.825+0000] {processor.py:161} INFO - Started process (PID=189) to work on /opt/airflow/dags/flood_event_pipeline_dag.py
[2026-05-05T23:21:11.826+0000] {processor.py:830} INFO - Processing file /opt/airflow/dags/flood_event_pipeline_dag.py for tasks to queue
[2026-05-05T23:21:11.828+0000] {logging_mixin.py:188} INFO - [2026-05-05T23:21:11.828+0000] {dagbag.py:545} INFO - Filling up the DagBag from /opt/airflow/dags/flood_event_pipeline_dag.py
[2026-05-05T23:21:11.855+0000] {processor.py:840} INFO - DAG(s) 'flood_event_pipeline' retrieved from /opt/airflow/dags/flood_event_pipeline_dag.py
[2026-05-05T23:21:11.880+0000] {logging_mixin.py:188} INFO - [2026-05-05T23:21:11.880+0000] {dag.py:3089} INFO - Sync 1 DAGs
[2026-05-05T23:21:11.901+0000] {logging_mixin.py:188} INFO - [2026-05-05T23:21:11.900+0000] {dag.py:3947} INFO - Setting next_dagrun for flood_event_pipeline to 2026-05-04 00:00:00+00:00, run_after=2026-05-05 00:00:00+00:00
[2026-05-05T23:21:11.939+0000] {processor.py:183} INFO - Processing /opt/airflow/dags/flood_event_pipeline_dag.py took 0.120 seconds
[2026-05-05T23:21:42.107+0000] {processor.py:161} INFO - Started process (PID=190) to work on /opt/airflow/dags/flood_event_pipeline_dag.py
[2026-05-05T23:21:42.108+0000] {processor.py:830} INFO - Processing file /opt/airflow/dags/flood_event_pipeline_dag.py for tasks to queue
[2026-05-05T23:21:42.110+0000] {logging_mixin.py:188} INFO - [2026-05-05T23:21:42.110+0000] {dagbag.py:545} INFO - Filling up the DagBag from /opt/airflow/dags/flood_event_pipeline_dag.py
[2026-05-05T23:21:42.137+0000] {processor.py:840} INFO - DAG(s) 'flood_event_pipeline' retrieved from /opt/airflow/dags/flood_event_pipeline_dag.py
[2026-05-05T23:21:42.159+0000] {logging_mixin.py:188} INFO - [2026-05-05T23:21:42.158+0000] {dag.py:3089} INFO - Sync 1 DAGs
[2026-05-05T23:21:42.175+0000] {logging_mixin.py:188} INFO - [2026-05-05T23:21:42.175+0000] {dag.py:3947} INFO - Setting next_dagrun for flood_event_pipeline to 2026-05-04 00:00:00+00:00, run_after=2026-05-05 00:00:00+00:00
[2026-05-05T23:21:42.211+0000] {processor.py:183} INFO - Processing /opt/airflow/dags/flood_event_pipeline_dag.py took 0.108 seconds
[2026-05-05T23:22:12.386+0000] {processor.py:161} INFO - Started process (PID=191) to work on /opt/airflow/dags/flood_event_pipeline_dag.py
[2026-05-05T23:22:12.388+0000] {processor.py:830} INFO - Processing file /opt/airflow/dags/flood_event_pipeline_dag.py for tasks to queue
[2026-05-05T23:22:12.390+0000] {logging_mixin.py:188} INFO - [2026-05-05T23:22:12.390+0000] {dagbag.py:545} INFO - Filling up the DagBag from /opt/airflow/dags/flood_event_pipeline_dag.py
[2026-05-05T23:22:12.417+0000] {processor.py:840} INFO - DAG(s) 'flood_event_pipeline' retrieved from /opt/airflow/dags/flood_event_pipeline_dag.py
[2026-05-05T23:22:12.445+0000] {logging_mixin.py:188} INFO - [2026-05-05T23:22:12.444+0000] {dag.py:3089} INFO - Sync 1 DAGs
[2026-05-05T23:22:12.465+0000] {logging_mixin.py:188} INFO - [2026-05-05T23:22:12.465+0000] {dag.py:3947} INFO - Setting next_dagrun for flood_event_pipeline to 2026-05-04 00:00:00+00:00, run_after=2026-05-05 00:00:00+00:00
[2026-05-05T23:22:12.501+0000] {processor.py:183} INFO - Processing /opt/airflow/dags/flood_event_pipeline_dag.py took 0.122 seconds
[2026-05-05T23:22:42.670+0000] {processor.py:161} INFO - Started process (PID=192) to work on /opt/airflow/dags/flood_event_pipeline_dag.py
[2026-05-05T23:22:42.672+0000] {processor.py:830} INFO - Processing file /opt/airflow/dags/flood_event_pipeline_dag.py for tasks to queue
[2026-05-05T23:22:42.674+0000] {logging_mixin.py:188} INFO - [2026-05-05T23:22:42.673+0000] {dagbag.py:545} INFO - Filling up the DagBag from /opt/airflow/dags/flood_event_pipeline_dag.py
[2026-05-05T23:22:42.697+0000] {processor.py:840} INFO - DAG(s) 'flood_event_pipeline' retrieved from /opt/airflow/dags/flood_event_pipeline_dag.py
[2026-05-05T23:22:42.721+0000] {logging_mixin.py:188} INFO - [2026-05-05T23:22:42.721+0000] {dag.py:3089} INFO - Sync 1 DAGs
[2026-05-05T23:22:42.739+0000] {logging_mixin.py:188} INFO - [2026-05-05T23:22:42.739+0000] {dag.py:3947} INFO - Setting next_dagrun for flood_event_pipeline to 2026-05-04 00:00:00+00:00, run_after=2026-05-05 00:00:00+00:00
[2026-05-05T23:22:42.761+0000] {processor.py:183} INFO - Processing /opt/airflow/dags/flood_event_pipeline_dag.py took 0.096 seconds
[2026-05-05T23:23:12.976+0000] {processor.py:161} INFO - Started process (PID=193) to work on /opt/airflow/dags/flood_event_pipeline_dag.py
[2026-05-05T23:23:12.978+0000] {processor.py:830} INFO - Processing file /opt/airflow/dags/flood_event_pipeline_dag.py for tasks to queue
[2026-05-05T23:23:12.980+0000] {logging_mixin.py:188} INFO - [2026-05-05T23:23:12.980+0000] {dagbag.py:545} INFO - Filling up the DagBag from /opt/airflow/dags/flood_event_pipeline_dag.py
[2026-05-05T23:23:13.004+0000] {processor.py:840} INFO - DAG(s) 'flood_event_pipeline' retrieved from /opt/airflow/dags/flood_event_pipeline_dag.py
[2026-05-05T23:23:13.029+0000] {logging_mixin.py:188} INFO - [2026-05-05T23:23:13.029+0000] {dag.py:3089} INFO - Sync 1 DAGs
[2026-05-05T23:23:13.046+0000] {logging_mixin.py:188} INFO - [2026-05-05T23:23:13.046+0000] {dag.py:3947} INFO - Setting next_dagrun for flood_event_pipeline to 2026-05-04 00:00:00+00:00, run_after=2026-05-05 00:00:00+00:00
[2026-05-05T23:23:13.068+0000] {processor.py:183} INFO - Processing /opt/airflow/dags/flood_event_pipeline_dag.py took 0.099 seconds
[2026-05-05T23:23:43.288+0000] {processor.py:161} INFO - Started process (PID=194) to work on /opt/airflow/dags/flood_event_pipeline_dag.py
[2026-05-05T23:23:43.290+0000] {processor.py:830} INFO - Processing file /opt/airflow/dags/flood_event_pipeline_dag.py for tasks to queue
[2026-05-05T23:23:43.297+0000] {logging_mixin.py:188} INFO - [2026-05-05T23:23:43.295+0000] {dagbag.py:545} INFO - Filling up the DagBag from /opt/airflow/dags/flood_event_pipeline_dag.py
[2026-05-05T23:23:43.334+0000] {processor.py:840} INFO - DAG(s) 'flood_event_pipeline' retrieved from /opt/airflow/dags/flood_event_pipeline_dag.py
[2026-05-05T23:23:43.364+0000] {logging_mixin.py:188} INFO - [2026-05-05T23:23:43.364+0000] {dag.py:3089} INFO - Sync 1 DAGs
[2026-05-05T23:23:43.385+0000] {logging_mixin.py:188} INFO - [2026-05-05T23:23:43.385+0000] {dag.py:3947} INFO - Setting next_dagrun for flood_event_pipeline to 2026-05-04 00:00:00+00:00, run_after=2026-05-05 00:00:00+00:00
[2026-05-05T23:23:43.410+0000] {processor.py:183} INFO - Processing /opt/airflow/dags/flood_event_pipeline_dag.py took 0.130 seconds
[2026-05-05T23:24:13.572+0000] {processor.py:161} INFO - Started process (PID=195) to work on /opt/airflow/dags/flood_event_pipeline_dag.py
[2026-05-05T23:24:13.574+0000] {processor.py:830} INFO - Processing file /opt/airflow/dags/flood_event_pipeline_dag.py for tasks to queue
[2026-05-05T23:24:13.577+0000] {logging_mixin.py:188} INFO - [2026-05-05T23:24:13.576+0000] {dagbag.py:545} INFO - Filling up the DagBag from /opt/airflow/dags/flood_event_pipeline_dag.py
[2026-05-05T23:24:13.604+0000] {processor.py:840} INFO - DAG(s) 'flood_event_pipeline' retrieved from /opt/airflow/dags/flood_event_pipeline_dag.py
[2026-05-05T23:24:13.633+0000] {logging_mixin.py:188} INFO - [2026-05-05T23:24:13.633+0000] {dag.py:3089} INFO - Sync 1 DAGs
[2026-05-05T23:24:13.655+0000] {logging_mixin.py:188} INFO - [2026-05-05T23:24:13.655+0000] {dag.py:3947} INFO - Setting next_dagrun for flood_event_pipeline to 2026-05-04 00:00:00+00:00, run_after=2026-05-05 00:00:00+00:00
[2026-05-05T23:24:13.683+0000] {processor.py:183} INFO - Processing /opt/airflow/dags/flood_event_pipeline_dag.py took 0.117 seconds
[2026-05-05T23:24:43.867+0000] {processor.py:161} INFO - Started process (PID=196) to work on /opt/airflow/dags/flood_event_pipeline_dag.py
[2026-05-05T23:24:43.868+0000] {processor.py:830} INFO - Processing file /opt/airflow/dags/flood_event_pipeline_dag.py for tasks to queue
[2026-05-05T23:24:43.871+0000] {logging_mixin.py:188} INFO - [2026-05-05T23:24:43.871+0000] {dagbag.py:545} INFO - Filling up the DagBag from /opt/airflow/dags/flood_event_pipeline_dag.py
[2026-05-05T23:24:43.900+0000] {processor.py:840} INFO - DAG(s) 'flood_event_pipeline' retrieved from /opt/airflow/dags/flood_event_pipeline_dag.py
[2026-05-05T23:24:43.931+0000] {logging_mixin.py:188} INFO - [2026-05-05T23:24:43.931+0000] {dag.py:3089} INFO - Sync 1 DAGs
[2026-05-05T23:24:43.954+0000] {logging_mixin.py:188} INFO - [2026-05-05T23:24:43.954+0000] {dag.py:3947} INFO - Setting next_dagrun for flood_event_pipeline to 2026-05-04 00:00:00+00:00, run_after=2026-05-05 00:00:00+00:00
[2026-05-05T23:24:43.975+0000] {processor.py:183} INFO - Processing /opt/airflow/dags/flood_event_pipeline_dag.py took 0.114 seconds
[2026-05-05T23:25:14.151+0000] {processor.py:161} INFO - Started process (PID=197) to work on /opt/airflow/dags/flood_event_pipeline_dag.py
[2026-05-05T23:25:14.157+0000] {processor.py:830} INFO - Processing file /opt/airflow/dags/flood_event_pipeline_dag.py for tasks to queue
[2026-05-05T23:25:14.161+0000] {logging_mixin.py:188} INFO - [2026-05-05T23:25:14.160+0000] {dagbag.py:545} INFO - Filling up the DagBag from /opt/airflow/dags/flood_event_pipeline_dag.py
[2026-05-05T23:25:14.198+0000] {processor.py:840} INFO - DAG(s) 'flood_event_pipeline' retrieved from /opt/airflow/dags/flood_event_pipeline_dag.py
[2026-05-05T23:25:14.259+0000] {logging_mixin.py:188} INFO - [2026-05-05T23:25:14.259+0000] {dag.py:3089} INFO - Sync 1 DAGs
[2026-05-05T23:25:14.330+0000] {logging_mixin.py:188} INFO - [2026-05-05T23:25:14.330+0000] {dag.py:3947} INFO - Setting next_dagrun for flood_event_pipeline to 2026-05-04 00:00:00+00:00, run_after=2026-05-05 00:00:00+00:00
[2026-05-05T23:25:14.362+0000] {processor.py:183} INFO - Processing /opt/airflow/dags/flood_event_pipeline_dag.py took 0.222 seconds
[2026-05-05T23:25:44.540+0000] {processor.py:161} INFO - Started process (PID=198) to work on /opt/airflow/dags/flood_event_pipeline_dag.py
[2026-05-05T23:25:44.541+0000] {processor.py:830} INFO - Processing file /opt/airflow/dags/flood_event_pipeline_dag.py for tasks to queue
[2026-05-05T23:25:44.544+0000] {logging_mixin.py:188} INFO - [2026-05-05T23:25:44.543+0000] {dagbag.py:545} INFO - Filling up the DagBag from /opt/airflow/dags/flood_event_pipeline_dag.py
[2026-05-05T23:25:44.574+0000] {processor.py:840} INFO - DAG(s) 'flood_event_pipeline' retrieved from /opt/airflow/dags/flood_event_pipeline_dag.py
[2026-05-05T23:25:44.600+0000] {logging_mixin.py:188} INFO - [2026-05-05T23:25:44.600+0000] {dag.py:3089} INFO - Sync 1 DAGs
[2026-05-05T23:25:44.617+0000] {logging_mixin.py:188} INFO - [2026-05-05T23:25:44.617+0000] {dag.py:3947} INFO - Setting next_dagrun for flood_event_pipeline to 2026-05-04 00:00:00+00:00, run_after=2026-05-05 00:00:00+00:00
[2026-05-05T23:25:44.639+0000] {processor.py:183} INFO - Processing /opt/airflow/dags/flood_event_pipeline_dag.py took 0.106 seconds
[2026-05-05T23:26:14.821+0000] {processor.py:161} INFO - Started process (PID=199) to work on /opt/airflow/dags/flood_event_pipeline_dag.py
[2026-05-05T23:26:14.822+0000] {processor.py:830} INFO - Processing file /opt/airflow/dags/flood_event_pipeline_dag.py for tasks to queue
[2026-05-05T23:26:14.825+0000] {logging_mixin.py:188} INFO - [2026-05-05T23:26:14.825+0000] {dagbag.py:545} INFO - Filling up the DagBag from /opt/airflow/dags/flood_event_pipeline_dag.py
[2026-05-05T23:26:14.854+0000] {processor.py:840} INFO - DAG(s) 'flood_event_pipeline' retrieved from /opt/airflow/dags/flood_event_pipeline_dag.py
[2026-05-05T23:26:14.882+0000] {logging_mixin.py:188} INFO - [2026-05-05T23:26:14.882+0000] {dag.py:3089} INFO - Sync 1 DAGs
[2026-05-05T23:26:14.902+0000] {logging_mixin.py:188} INFO - [2026-05-05T23:26:14.901+0000] {dag.py:3947} INFO - Setting next_dagrun for flood_event_pipeline to 2026-05-04 00:00:00+00:00, run_after=2026-05-05 00:00:00+00:00
[2026-05-05T23:26:14.930+0000] {processor.py:183} INFO - Processing /opt/airflow/dags/flood_event_pipeline_dag.py took 0.115 seconds
[2026-05-05T23:26:45.108+0000] {processor.py:161} INFO - Started process (PID=200) to work on /opt/airflow/dags/flood_event_pipeline_dag.py
[2026-05-05T23:26:45.110+0000] {processor.py:830} INFO - Processing file /opt/airflow/dags/flood_event_pipeline_dag.py for tasks to queue
[2026-05-05T23:26:45.111+0000] {logging_mixin.py:188} INFO - [2026-05-05T23:26:45.111+0000] {dagbag.py:545} INFO - Filling up the DagBag from /opt/airflow/dags/flood_event_pipeline_dag.py
[2026-05-05T23:26:45.136+0000] {processor.py:840} INFO - DAG(s) 'flood_event_pipeline' retrieved from /opt/airflow/dags/flood_event_pipeline_dag.py
[2026-05-05T23:26:45.158+0000] {logging_mixin.py:188} INFO - [2026-05-05T23:26:45.157+0000] {dag.py:3089} INFO - Sync 1 DAGs
[2026-05-05T23:26:45.175+0000] {logging_mixin.py:188} INFO - [2026-05-05T23:26:45.175+0000] {dag.py:3947} INFO - Setting next_dagrun for flood_event_pipeline to 2026-05-04 00:00:00+00:00, run_after=2026-05-05 00:00:00+00:00
[2026-05-05T23:26:45.207+0000] {processor.py:183} INFO - Processing /opt/airflow/dags/flood_event_pipeline_dag.py took 0.105 seconds
[2026-05-05T23:27:15.402+0000] {processor.py:161} INFO - Started process (PID=201) to work on /opt/airflow/dags/flood_event_pipeline_dag.py
[2026-05-05T23:27:15.405+0000] {processor.py:830} INFO - Processing file /opt/airflow/dags/flood_event_pipeline_dag.py for tasks to queue
[2026-05-05T23:27:15.408+0000] {logging_mixin.py:188} INFO - [2026-05-05T23:27:15.408+0000] {dagbag.py:545} INFO - Filling up the DagBag from /opt/airflow/dags/flood_event_pipeline_dag.py
[2026-05-05T23:27:15.447+0000] {processor.py:840} INFO - DAG(s) 'flood_event_pipeline' retrieved from /opt/airflow/dags/flood_event_pipeline_dag.py
[2026-05-05T23:27:15.474+0000] {logging_mixin.py:188} INFO - [2026-05-05T23:27:15.474+0000] {dag.py:3089} INFO - Sync 1 DAGs
[2026-05-05T23:27:15.494+0000] {logging_mixin.py:188} INFO - [2026-05-05T23:27:15.493+0000] {dag.py:3947} INFO - Setting next_dagrun for flood_event_pipeline to 2026-05-04 00:00:00+00:00, run_after=2026-05-05 00:00:00+00:00
[2026-05-05T23:27:15.516+0000] {processor.py:183} INFO - Processing /opt/airflow/dags/flood_event_pipeline_dag.py took 0.119 seconds
[2026-05-05T23:27:45.684+0000] {processor.py:161} INFO - Started process (PID=202) to work on /opt/airflow/dags/flood_event_pipeline_dag.py
[2026-05-05T23:27:45.685+0000] {processor.py:830} INFO - Processing file /opt/airflow/dags/flood_event_pipeline_dag.py for tasks to queue
[2026-05-05T23:27:45.688+0000] {logging_mixin.py:188} INFO - [2026-05-05T23:27:45.687+0000] {dagbag.py:545} INFO - Filling up the DagBag from /opt/airflow/dags/flood_event_pipeline_dag.py
[2026-05-05T23:27:45.720+0000] {processor.py:840} INFO - DAG(s) 'flood_event_pipeline' retrieved from /opt/airflow/dags/flood_event_pipeline_dag.py
[2026-05-05T23:27:45.749+0000] {logging_mixin.py:188} INFO - [2026-05-05T23:27:45.749+0000] {dag.py:3089} INFO - Sync 1 DAGs
[2026-05-05T23:27:45.769+0000] {logging_mixin.py:188} INFO - [2026-05-05T23:27:45.769+0000] {dag.py:3947} INFO - Setting next_dagrun for flood_event_pipeline to 2026-05-04 00:00:00+00:00, run_after=2026-05-05 00:00:00+00:00
[2026-05-05T23:27:45.805+0000] {processor.py:183} INFO - Processing /opt/airflow/dags/flood_event_pipeline_dag.py took 0.130 seconds
[2026-05-05T23:28:15.962+0000] {processor.py:161} INFO - Started process (PID=203) to work on /opt/airflow/dags/flood_event_pipeline_dag.py
[2026-05-05T23:28:15.964+0000] {processor.py:830} INFO - Processing file /opt/airflow/dags/flood_event_pipeline_dag.py for tasks to queue
[2026-05-05T23:28:15.966+0000] {logging_mixin.py:188} INFO - [2026-05-05T23:28:15.965+0000] {dagbag.py:545} INFO - Filling up the DagBag from /opt/airflow/dags/flood_event_pipeline_dag.py
[2026-05-05T23:28:16.001+0000] {processor.py:840} INFO - DAG(s) 'flood_event_pipeline' retrieved from /opt/airflow/dags/flood_event_pipeline_dag.py
[2026-05-05T23:28:16.026+0000] {logging_mixin.py:188} INFO - [2026-05-05T23:28:16.026+0000] {dag.py:3089} INFO - Sync 1 DAGs
[2026-05-05T23:28:16.048+0000] {logging_mixin.py:188} INFO - [2026-05-05T23:28:16.048+0000] {dag.py:3947} INFO - Setting next_dagrun for flood_event_pipeline to 2026-05-04 00:00:00+00:00, run_after=2026-05-05 00:00:00+00:00
[2026-05-05T23:28:16.071+0000] {processor.py:183} INFO - Processing /opt/airflow/dags/flood_event_pipeline_dag.py took 0.114 seconds
[2026-05-05T23:28:46.251+0000] {processor.py:161} INFO - Started process (PID=204) to work on /opt/airflow/dags/flood_event_pipeline_dag.py
[2026-05-05T23:28:46.253+0000] {processor.py:830} INFO - Processing file /opt/airflow/dags/flood_event_pipeline_dag.py for tasks to queue
[2026-05-05T23:28:46.254+0000] {logging_mixin.py:188} INFO - [2026-05-05T23:28:46.254+0000] {dagbag.py:545} INFO - Filling up the DagBag from /opt/airflow/dags/flood_event_pipeline_dag.py
[2026-05-05T23:28:46.278+0000] {processor.py:840} INFO - DAG(s) 'flood_event_pipeline' retrieved from /opt/airflow/dags/flood_event_pipeline_dag.py
[2026-05-05T23:28:46.300+0000] {logging_mixin.py:188} INFO - [2026-05-05T23:28:46.300+0000] {dag.py:3089} INFO - Sync 1 DAGs
[2026-05-05T23:28:46.323+0000] {logging_mixin.py:188} INFO - [2026-05-05T23:28:46.323+0000] {dag.py:3947} INFO - Setting next_dagrun for flood_event_pipeline to 2026-05-04 00:00:00+00:00, run_after=2026-05-05 00:00:00+00:00
[2026-05-05T23:28:46.344+0000] {processor.py:183} INFO - Processing /opt/airflow/dags/flood_event_pipeline_dag.py took 0.098 seconds
[2026-05-05T23:29:16.540+0000] {processor.py:161} INFO - Started process (PID=205) to work on /opt/airflow/dags/flood_event_pipeline_dag.py
[2026-05-05T23:29:16.541+0000] {processor.py:830} INFO - Processing file /opt/airflow/dags/flood_event_pipeline_dag.py for tasks to queue
[2026-05-05T23:29:16.543+0000] {logging_mixin.py:188} INFO - [2026-05-05T23:29:16.543+0000] {dagbag.py:545} INFO - Filling up the DagBag from /opt/airflow/dags/flood_event_pipeline_dag.py
[2026-05-05T23:29:16.571+0000] {processor.py:840} INFO - DAG(s) 'flood_event_pipeline' retrieved from /opt/airflow/dags/flood_event_pipeline_dag.py
[2026-05-05T23:29:16.594+0000] {logging_mixin.py:188} INFO - [2026-05-05T23:29:16.594+0000] {dag.py:3089} INFO - Sync 1 DAGs
[2026-05-05T23:29:16.617+0000] {logging_mixin.py:188} INFO - [2026-05-05T23:29:16.617+0000] {dag.py:3947} INFO - Setting next_dagrun for flood_event_pipeline to 2026-05-04 00:00:00+00:00, run_after=2026-05-05 00:00:00+00:00
[2026-05-05T23:29:16.656+0000] {processor.py:183} INFO - Processing /opt/airflow/dags/flood_event_pipeline_dag.py took 0.121 seconds
[2026-05-05T23:29:46.814+0000] {processor.py:161} INFO - Started process (PID=206) to work on /opt/airflow/dags/flood_event_pipeline_dag.py
[2026-05-05T23:29:46.815+0000] {processor.py:830} INFO - Processing file /opt/airflow/dags/flood_event_pipeline_dag.py for tasks to queue
[2026-05-05T23:29:46.817+0000] {logging_mixin.py:188} INFO - [2026-05-05T23:29:46.817+0000] {dagbag.py:545} INFO - Filling up the DagBag from /opt/airflow/dags/flood_event_pipeline_dag.py
[2026-05-05T23:29:46.840+0000] {processor.py:840} INFO - DAG(s) 'flood_event_pipeline' retrieved from /opt/airflow/dags/flood_event_pipeline_dag.py
[2026-05-05T23:29:46.862+0000] {logging_mixin.py:188} INFO - [2026-05-05T23:29:46.861+0000] {dag.py:3089} INFO - Sync 1 DAGs
[2026-05-05T23:29:46.877+0000] {logging_mixin.py:188} INFO - [2026-05-05T23:29:46.877+0000] {dag.py:3947} INFO - Setting next_dagrun for flood_event_pipeline to 2026-05-04 00:00:00+00:00, run_after=2026-05-05 00:00:00+00:00
[2026-05-05T23:29:46.900+0000] {processor.py:183} INFO - Processing /opt/airflow/dags/flood_event_pipeline_dag.py took 0.091 seconds
