[2026-04-28T15:56:43.438+0000] {processor.py:161} INFO - Started process (PID=93) to work on /opt/airflow/dags/flood_event_pipeline_dag.py
[2026-04-28T15:56:43.440+0000] {processor.py:830} INFO - Processing file /opt/airflow/dags/flood_event_pipeline_dag.py for tasks to queue
[2026-04-28T15:56:43.447+0000] {logging_mixin.py:188} INFO - [2026-04-28T15:56:43.445+0000] {dagbag.py:545} INFO - Filling up the DagBag from /opt/airflow/dags/flood_event_pipeline_dag.py
[2026-04-28T15:56:43.530+0000] {processor.py:840} INFO - DAG(s) 'flood_event_pipeline' retrieved from /opt/airflow/dags/flood_event_pipeline_dag.py
[2026-04-28T15:56:43.544+0000] {logging_mixin.py:188} INFO - [2026-04-28T15:56:43.544+0000] {dag.py:3089} INFO - Sync 1 DAGs
[2026-04-28T15:56:43.575+0000] {logging_mixin.py:188} INFO - [2026-04-28T15:56:43.574+0000] {dag.py:3947} INFO - Setting next_dagrun for flood_event_pipeline to 2026-04-27 00:00:00+00:00, run_after=2026-04-28 00:00:00+00:00
[2026-04-28T15:56:43.609+0000] {processor.py:183} INFO - Processing /opt/airflow/dags/flood_event_pipeline_dag.py took 0.182 seconds
[2026-04-28T15:57:14.502+0000] {processor.py:161} INFO - Started process (PID=117) to work on /opt/airflow/dags/flood_event_pipeline_dag.py
[2026-04-28T15:57:14.505+0000] {processor.py:830} INFO - Processing file /opt/airflow/dags/flood_event_pipeline_dag.py for tasks to queue
[2026-04-28T15:57:14.512+0000] {logging_mixin.py:188} INFO - [2026-04-28T15:57:14.510+0000] {dagbag.py:545} INFO - Filling up the DagBag from /opt/airflow/dags/flood_event_pipeline_dag.py
[2026-04-28T15:57:14.566+0000] {processor.py:840} INFO - DAG(s) 'flood_event_pipeline' retrieved from /opt/airflow/dags/flood_event_pipeline_dag.py
[2026-04-28T15:57:14.703+0000] {logging_mixin.py:188} INFO - [2026-04-28T15:57:14.703+0000] {dag.py:3089} INFO - Sync 1 DAGs
[2026-04-28T15:57:14.726+0000] {logging_mixin.py:188} INFO - [2026-04-28T15:57:14.726+0000] {dag.py:3947} INFO - Setting next_dagrun for flood_event_pipeline to 2026-04-27 00:00:00+00:00, run_after=2026-04-28 00:00:00+00:00
[2026-04-28T15:57:14.938+0000] {processor.py:183} INFO - Processing /opt/airflow/dags/flood_event_pipeline_dag.py took 0.447 seconds
[2026-04-28T15:57:45.251+0000] {processor.py:161} INFO - Started process (PID=123) to work on /opt/airflow/dags/flood_event_pipeline_dag.py
[2026-04-28T15:57:45.254+0000] {processor.py:830} INFO - Processing file /opt/airflow/dags/flood_event_pipeline_dag.py for tasks to queue
[2026-04-28T15:57:45.259+0000] {logging_mixin.py:188} INFO - [2026-04-28T15:57:45.258+0000] {dagbag.py:545} INFO - Filling up the DagBag from /opt/airflow/dags/flood_event_pipeline_dag.py
[2026-04-28T15:57:45.340+0000] {processor.py:840} INFO - DAG(s) 'flood_event_pipeline' retrieved from /opt/airflow/dags/flood_event_pipeline_dag.py
[2026-04-28T15:57:45.409+0000] {logging_mixin.py:188} INFO - [2026-04-28T15:57:45.409+0000] {dag.py:3089} INFO - Sync 1 DAGs
[2026-04-28T15:57:45.438+0000] {logging_mixin.py:188} INFO - [2026-04-28T15:57:45.438+0000] {dag.py:3947} INFO - Setting next_dagrun for flood_event_pipeline to 2026-04-27 00:00:00+00:00, run_after=2026-04-28 00:00:00+00:00
[2026-04-28T15:57:45.497+0000] {processor.py:183} INFO - Processing /opt/airflow/dags/flood_event_pipeline_dag.py took 0.260 seconds
[2026-04-28T15:58:16.677+0000] {processor.py:161} INFO - Started process (PID=124) to work on /opt/airflow/dags/flood_event_pipeline_dag.py
[2026-04-28T15:58:16.681+0000] {processor.py:830} INFO - Processing file /opt/airflow/dags/flood_event_pipeline_dag.py for tasks to queue
[2026-04-28T15:58:16.687+0000] {logging_mixin.py:188} INFO - [2026-04-28T15:58:16.686+0000] {dagbag.py:545} INFO - Filling up the DagBag from /opt/airflow/dags/flood_event_pipeline_dag.py
[2026-04-28T15:58:16.785+0000] {processor.py:840} INFO - DAG(s) 'flood_event_pipeline' retrieved from /opt/airflow/dags/flood_event_pipeline_dag.py
[2026-04-28T15:58:16.858+0000] {logging_mixin.py:188} INFO - [2026-04-28T15:58:16.857+0000] {dag.py:3089} INFO - Sync 1 DAGs
[2026-04-28T15:58:16.893+0000] {logging_mixin.py:188} INFO - [2026-04-28T15:58:16.892+0000] {dag.py:3947} INFO - Setting next_dagrun for flood_event_pipeline to 2026-04-27 00:00:00+00:00, run_after=2026-04-28 00:00:00+00:00
[2026-04-28T15:58:16.951+0000] {processor.py:183} INFO - Processing /opt/airflow/dags/flood_event_pipeline_dag.py took 0.289 seconds
[2026-04-28T15:58:48.173+0000] {processor.py:161} INFO - Started process (PID=125) to work on /opt/airflow/dags/flood_event_pipeline_dag.py
[2026-04-28T15:58:48.176+0000] {processor.py:830} INFO - Processing file /opt/airflow/dags/flood_event_pipeline_dag.py for tasks to queue
[2026-04-28T15:58:48.182+0000] {logging_mixin.py:188} INFO - [2026-04-28T15:58:48.181+0000] {dagbag.py:545} INFO - Filling up the DagBag from /opt/airflow/dags/flood_event_pipeline_dag.py
[2026-04-28T15:58:48.273+0000] {processor.py:840} INFO - DAG(s) 'flood_event_pipeline' retrieved from /opt/airflow/dags/flood_event_pipeline_dag.py
[2026-04-28T15:58:48.337+0000] {logging_mixin.py:188} INFO - [2026-04-28T15:58:48.336+0000] {dag.py:3089} INFO - Sync 1 DAGs
[2026-04-28T15:58:48.387+0000] {logging_mixin.py:188} INFO - [2026-04-28T15:58:48.386+0000] {dag.py:3947} INFO - Setting next_dagrun for flood_event_pipeline to 2026-04-27 00:00:00+00:00, run_after=2026-04-28 00:00:00+00:00
[2026-04-28T15:58:48.449+0000] {processor.py:183} INFO - Processing /opt/airflow/dags/flood_event_pipeline_dag.py took 0.290 seconds
[2026-04-28T15:59:18.624+0000] {processor.py:161} INFO - Started process (PID=126) to work on /opt/airflow/dags/flood_event_pipeline_dag.py
[2026-04-28T15:59:18.628+0000] {processor.py:830} INFO - Processing file /opt/airflow/dags/flood_event_pipeline_dag.py for tasks to queue
[2026-04-28T15:59:18.633+0000] {logging_mixin.py:188} INFO - [2026-04-28T15:59:18.632+0000] {dagbag.py:545} INFO - Filling up the DagBag from /opt/airflow/dags/flood_event_pipeline_dag.py
[2026-04-28T15:59:18.721+0000] {processor.py:840} INFO - DAG(s) 'flood_event_pipeline' retrieved from /opt/airflow/dags/flood_event_pipeline_dag.py
[2026-04-28T15:59:18.789+0000] {logging_mixin.py:188} INFO - [2026-04-28T15:59:18.789+0000] {dag.py:3089} INFO - Sync 1 DAGs
[2026-04-28T15:59:18.829+0000] {logging_mixin.py:188} INFO - [2026-04-28T15:59:18.829+0000] {dag.py:3947} INFO - Setting next_dagrun for flood_event_pipeline to 2026-04-27 00:00:00+00:00, run_after=2026-04-28 00:00:00+00:00
[2026-04-28T15:59:18.880+0000] {processor.py:183} INFO - Processing /opt/airflow/dags/flood_event_pipeline_dag.py took 0.269 seconds
[2026-04-28T15:59:50.097+0000] {processor.py:161} INFO - Started process (PID=127) to work on /opt/airflow/dags/flood_event_pipeline_dag.py
[2026-04-28T15:59:50.100+0000] {processor.py:830} INFO - Processing file /opt/airflow/dags/flood_event_pipeline_dag.py for tasks to queue
[2026-04-28T15:59:50.108+0000] {logging_mixin.py:188} INFO - [2026-04-28T15:59:50.106+0000] {dagbag.py:545} INFO - Filling up the DagBag from /opt/airflow/dags/flood_event_pipeline_dag.py
[2026-04-28T15:59:50.180+0000] {processor.py:840} INFO - DAG(s) 'flood_event_pipeline' retrieved from /opt/airflow/dags/flood_event_pipeline_dag.py
[2026-04-28T15:59:50.249+0000] {logging_mixin.py:188} INFO - [2026-04-28T15:59:50.248+0000] {dag.py:3089} INFO - Sync 1 DAGs
[2026-04-28T15:59:50.294+0000] {logging_mixin.py:188} INFO - [2026-04-28T15:59:50.293+0000] {dag.py:3947} INFO - Setting next_dagrun for flood_event_pipeline to 2026-04-27 00:00:00+00:00, run_after=2026-04-28 00:00:00+00:00
[2026-04-28T15:59:50.354+0000] {processor.py:183} INFO - Processing /opt/airflow/dags/flood_event_pipeline_dag.py took 0.273 seconds
[2026-04-28T16:00:20.518+0000] {processor.py:161} INFO - Started process (PID=128) to work on /opt/airflow/dags/flood_event_pipeline_dag.py
[2026-04-28T16:00:20.520+0000] {processor.py:830} INFO - Processing file /opt/airflow/dags/flood_event_pipeline_dag.py for tasks to queue
[2026-04-28T16:00:20.525+0000] {logging_mixin.py:188} INFO - [2026-04-28T16:00:20.524+0000] {dagbag.py:545} INFO - Filling up the DagBag from /opt/airflow/dags/flood_event_pipeline_dag.py
[2026-04-28T16:00:20.594+0000] {processor.py:840} INFO - DAG(s) 'flood_event_pipeline' retrieved from /opt/airflow/dags/flood_event_pipeline_dag.py
[2026-04-28T16:00:20.646+0000] {logging_mixin.py:188} INFO - [2026-04-28T16:00:20.645+0000] {dag.py:3089} INFO - Sync 1 DAGs
[2026-04-28T16:00:20.696+0000] {logging_mixin.py:188} INFO - [2026-04-28T16:00:20.695+0000] {dag.py:3947} INFO - Setting next_dagrun for flood_event_pipeline to 2026-04-27 00:00:00+00:00, run_after=2026-04-28 00:00:00+00:00
[2026-04-28T16:00:20.754+0000] {processor.py:183} INFO - Processing /opt/airflow/dags/flood_event_pipeline_dag.py took 0.247 seconds
[2026-04-28T16:00:51.013+0000] {processor.py:161} INFO - Started process (PID=129) to work on /opt/airflow/dags/flood_event_pipeline_dag.py
[2026-04-28T16:00:51.015+0000] {processor.py:830} INFO - Processing file /opt/airflow/dags/flood_event_pipeline_dag.py for tasks to queue
[2026-04-28T16:00:51.019+0000] {logging_mixin.py:188} INFO - [2026-04-28T16:00:51.018+0000] {dagbag.py:545} INFO - Filling up the DagBag from /opt/airflow/dags/flood_event_pipeline_dag.py
[2026-04-28T16:00:51.068+0000] {processor.py:840} INFO - DAG(s) 'flood_event_pipeline' retrieved from /opt/airflow/dags/flood_event_pipeline_dag.py
[2026-04-28T16:00:51.105+0000] {logging_mixin.py:188} INFO - [2026-04-28T16:00:51.105+0000] {dag.py:3089} INFO - Sync 1 DAGs
[2026-04-28T16:00:51.132+0000] {logging_mixin.py:188} INFO - [2026-04-28T16:00:51.132+0000] {dag.py:3947} INFO - Setting next_dagrun for flood_event_pipeline to 2026-04-27 00:00:00+00:00, run_after=2026-04-28 00:00:00+00:00
[2026-04-28T16:00:51.370+0000] {processor.py:183} INFO - Processing /opt/airflow/dags/flood_event_pipeline_dag.py took 0.365 seconds
[2026-04-28T16:01:22.339+0000] {processor.py:161} INFO - Started process (PID=130) to work on /opt/airflow/dags/flood_event_pipeline_dag.py
[2026-04-28T16:01:22.343+0000] {processor.py:830} INFO - Processing file /opt/airflow/dags/flood_event_pipeline_dag.py for tasks to queue
[2026-04-28T16:01:22.347+0000] {logging_mixin.py:188} INFO - [2026-04-28T16:01:22.346+0000] {dagbag.py:545} INFO - Filling up the DagBag from /opt/airflow/dags/flood_event_pipeline_dag.py
[2026-04-28T16:01:22.422+0000] {processor.py:840} INFO - DAG(s) 'flood_event_pipeline' retrieved from /opt/airflow/dags/flood_event_pipeline_dag.py
[2026-04-28T16:01:22.476+0000] {logging_mixin.py:188} INFO - [2026-04-28T16:01:22.476+0000] {dag.py:3089} INFO - Sync 1 DAGs
[2026-04-28T16:01:22.721+0000] {logging_mixin.py:188} INFO - [2026-04-28T16:01:22.721+0000] {dag.py:3947} INFO - Setting next_dagrun for flood_event_pipeline to 2026-04-27 00:00:00+00:00, run_after=2026-04-28 00:00:00+00:00
[2026-04-28T16:01:22.788+0000] {processor.py:183} INFO - Processing /opt/airflow/dags/flood_event_pipeline_dag.py took 0.462 seconds
[2026-04-28T16:01:53.613+0000] {processor.py:161} INFO - Started process (PID=131) to work on /opt/airflow/dags/flood_event_pipeline_dag.py
[2026-04-28T16:01:53.616+0000] {processor.py:830} INFO - Processing file /opt/airflow/dags/flood_event_pipeline_dag.py for tasks to queue
[2026-04-28T16:01:53.621+0000] {logging_mixin.py:188} INFO - [2026-04-28T16:01:53.620+0000] {dagbag.py:545} INFO - Filling up the DagBag from /opt/airflow/dags/flood_event_pipeline_dag.py
[2026-04-28T16:01:53.696+0000] {processor.py:840} INFO - DAG(s) 'flood_event_pipeline' retrieved from /opt/airflow/dags/flood_event_pipeline_dag.py
[2026-04-28T16:01:53.759+0000] {logging_mixin.py:188} INFO - [2026-04-28T16:01:53.758+0000] {dag.py:3089} INFO - Sync 1 DAGs
[2026-04-28T16:01:53.978+0000] {logging_mixin.py:188} INFO - [2026-04-28T16:01:53.978+0000] {dag.py:3947} INFO - Setting next_dagrun for flood_event_pipeline to 2026-04-27 00:00:00+00:00, run_after=2026-04-28 00:00:00+00:00
[2026-04-28T16:01:54.032+0000] {processor.py:183} INFO - Processing /opt/airflow/dags/flood_event_pipeline_dag.py took 0.429 seconds
[2026-04-28T16:02:24.623+0000] {processor.py:161} INFO - Started process (PID=132) to work on /opt/airflow/dags/flood_event_pipeline_dag.py
[2026-04-28T16:02:24.626+0000] {processor.py:830} INFO - Processing file /opt/airflow/dags/flood_event_pipeline_dag.py for tasks to queue
[2026-04-28T16:02:24.630+0000] {logging_mixin.py:188} INFO - [2026-04-28T16:02:24.629+0000] {dagbag.py:545} INFO - Filling up the DagBag from /opt/airflow/dags/flood_event_pipeline_dag.py
[2026-04-28T16:02:24.707+0000] {processor.py:840} INFO - DAG(s) 'flood_event_pipeline' retrieved from /opt/airflow/dags/flood_event_pipeline_dag.py
[2026-04-28T16:02:24.959+0000] {logging_mixin.py:188} INFO - [2026-04-28T16:02:24.959+0000] {dag.py:3089} INFO - Sync 1 DAGs
[2026-04-28T16:02:24.984+0000] {logging_mixin.py:188} INFO - [2026-04-28T16:02:24.984+0000] {dag.py:3947} INFO - Setting next_dagrun for flood_event_pipeline to 2026-04-27 00:00:00+00:00, run_after=2026-04-28 00:00:00+00:00
[2026-04-28T16:02:25.041+0000] {processor.py:183} INFO - Processing /opt/airflow/dags/flood_event_pipeline_dag.py took 0.428 seconds
[2026-04-28T16:02:55.375+0000] {processor.py:161} INFO - Started process (PID=133) to work on /opt/airflow/dags/flood_event_pipeline_dag.py
[2026-04-28T16:02:55.378+0000] {processor.py:830} INFO - Processing file /opt/airflow/dags/flood_event_pipeline_dag.py for tasks to queue
[2026-04-28T16:02:55.383+0000] {logging_mixin.py:188} INFO - [2026-04-28T16:02:55.382+0000] {dagbag.py:545} INFO - Filling up the DagBag from /opt/airflow/dags/flood_event_pipeline_dag.py
[2026-04-28T16:02:55.645+0000] {processor.py:840} INFO - DAG(s) 'flood_event_pipeline' retrieved from /opt/airflow/dags/flood_event_pipeline_dag.py
[2026-04-28T16:02:55.673+0000] {logging_mixin.py:188} INFO - [2026-04-28T16:02:55.673+0000] {dag.py:3089} INFO - Sync 1 DAGs
[2026-04-28T16:02:55.694+0000] {logging_mixin.py:188} INFO - [2026-04-28T16:02:55.694+0000] {dag.py:3947} INFO - Setting next_dagrun for flood_event_pipeline to 2026-04-27 00:00:00+00:00, run_after=2026-04-28 00:00:00+00:00
[2026-04-28T16:02:55.754+0000] {processor.py:183} INFO - Processing /opt/airflow/dags/flood_event_pipeline_dag.py took 0.393 seconds
[2026-04-28T16:03:26.159+0000] {processor.py:161} INFO - Started process (PID=134) to work on /opt/airflow/dags/flood_event_pipeline_dag.py
[2026-04-28T16:03:26.163+0000] {processor.py:830} INFO - Processing file /opt/airflow/dags/flood_event_pipeline_dag.py for tasks to queue
[2026-04-28T16:03:26.169+0000] {logging_mixin.py:188} INFO - [2026-04-28T16:03:26.168+0000] {dagbag.py:545} INFO - Filling up the DagBag from /opt/airflow/dags/flood_event_pipeline_dag.py
[2026-04-28T16:03:26.288+0000] {processor.py:840} INFO - DAG(s) 'flood_event_pipeline' retrieved from /opt/airflow/dags/flood_event_pipeline_dag.py
[2026-04-28T16:03:26.349+0000] {logging_mixin.py:188} INFO - [2026-04-28T16:03:26.349+0000] {dag.py:3089} INFO - Sync 1 DAGs
[2026-04-28T16:03:26.381+0000] {logging_mixin.py:188} INFO - [2026-04-28T16:03:26.381+0000] {dag.py:3947} INFO - Setting next_dagrun for flood_event_pipeline to 2026-04-27 00:00:00+00:00, run_after=2026-04-28 00:00:00+00:00
[2026-04-28T16:03:26.445+0000] {processor.py:183} INFO - Processing /opt/airflow/dags/flood_event_pipeline_dag.py took 0.303 seconds
[2026-04-28T16:03:56.861+0000] {processor.py:161} INFO - Started process (PID=135) to work on /opt/airflow/dags/flood_event_pipeline_dag.py
[2026-04-28T16:03:56.863+0000] {processor.py:830} INFO - Processing file /opt/airflow/dags/flood_event_pipeline_dag.py for tasks to queue
[2026-04-28T16:03:56.869+0000] {logging_mixin.py:188} INFO - [2026-04-28T16:03:56.867+0000] {dagbag.py:545} INFO - Filling up the DagBag from /opt/airflow/dags/flood_event_pipeline_dag.py
[2026-04-28T16:03:56.944+0000] {processor.py:840} INFO - DAG(s) 'flood_event_pipeline' retrieved from /opt/airflow/dags/flood_event_pipeline_dag.py
[2026-04-28T16:03:56.988+0000] {logging_mixin.py:188} INFO - [2026-04-28T16:03:56.988+0000] {dag.py:3089} INFO - Sync 1 DAGs
[2026-04-28T16:03:57.020+0000] {logging_mixin.py:188} INFO - [2026-04-28T16:03:57.020+0000] {dag.py:3947} INFO - Setting next_dagrun for flood_event_pipeline to 2026-04-27 00:00:00+00:00, run_after=2026-04-28 00:00:00+00:00
[2026-04-28T16:03:57.068+0000] {processor.py:183} INFO - Processing /opt/airflow/dags/flood_event_pipeline_dag.py took 0.219 seconds
[2026-04-28T16:04:27.449+0000] {processor.py:161} INFO - Started process (PID=136) to work on /opt/airflow/dags/flood_event_pipeline_dag.py
[2026-04-28T16:04:27.451+0000] {processor.py:830} INFO - Processing file /opt/airflow/dags/flood_event_pipeline_dag.py for tasks to queue
[2026-04-28T16:04:27.456+0000] {logging_mixin.py:188} INFO - [2026-04-28T16:04:27.455+0000] {dagbag.py:545} INFO - Filling up the DagBag from /opt/airflow/dags/flood_event_pipeline_dag.py
[2026-04-28T16:04:27.530+0000] {processor.py:840} INFO - DAG(s) 'flood_event_pipeline' retrieved from /opt/airflow/dags/flood_event_pipeline_dag.py
[2026-04-28T16:04:27.583+0000] {logging_mixin.py:188} INFO - [2026-04-28T16:04:27.583+0000] {dag.py:3089} INFO - Sync 1 DAGs
[2026-04-28T16:04:27.621+0000] {logging_mixin.py:188} INFO - [2026-04-28T16:04:27.621+0000] {dag.py:3947} INFO - Setting next_dagrun for flood_event_pipeline to 2026-04-27 00:00:00+00:00, run_after=2026-04-28 00:00:00+00:00
[2026-04-28T16:04:27.657+0000] {processor.py:183} INFO - Processing /opt/airflow/dags/flood_event_pipeline_dag.py took 0.222 seconds
[2026-04-28T16:04:57.982+0000] {processor.py:161} INFO - Started process (PID=137) to work on /opt/airflow/dags/flood_event_pipeline_dag.py
[2026-04-28T16:04:57.985+0000] {processor.py:830} INFO - Processing file /opt/airflow/dags/flood_event_pipeline_dag.py for tasks to queue
[2026-04-28T16:04:57.990+0000] {logging_mixin.py:188} INFO - [2026-04-28T16:04:57.989+0000] {dagbag.py:545} INFO - Filling up the DagBag from /opt/airflow/dags/flood_event_pipeline_dag.py
[2026-04-28T16:04:58.068+0000] {processor.py:840} INFO - DAG(s) 'flood_event_pipeline' retrieved from /opt/airflow/dags/flood_event_pipeline_dag.py
[2026-04-28T16:04:58.114+0000] {logging_mixin.py:188} INFO - [2026-04-28T16:04:58.113+0000] {dag.py:3089} INFO - Sync 1 DAGs
[2026-04-28T16:04:58.146+0000] {logging_mixin.py:188} INFO - [2026-04-28T16:04:58.146+0000] {dag.py:3947} INFO - Setting next_dagrun for flood_event_pipeline to 2026-04-27 00:00:00+00:00, run_after=2026-04-28 00:00:00+00:00
[2026-04-28T16:04:58.202+0000] {processor.py:183} INFO - Processing /opt/airflow/dags/flood_event_pipeline_dag.py took 0.231 seconds
[2026-04-28T16:05:28.493+0000] {processor.py:161} INFO - Started process (PID=138) to work on /opt/airflow/dags/flood_event_pipeline_dag.py
[2026-04-28T16:05:28.496+0000] {processor.py:830} INFO - Processing file /opt/airflow/dags/flood_event_pipeline_dag.py for tasks to queue
[2026-04-28T16:05:28.500+0000] {logging_mixin.py:188} INFO - [2026-04-28T16:05:28.499+0000] {dagbag.py:545} INFO - Filling up the DagBag from /opt/airflow/dags/flood_event_pipeline_dag.py
[2026-04-28T16:05:28.577+0000] {processor.py:840} INFO - DAG(s) 'flood_event_pipeline' retrieved from /opt/airflow/dags/flood_event_pipeline_dag.py
[2026-04-28T16:05:28.629+0000] {logging_mixin.py:188} INFO - [2026-04-28T16:05:28.629+0000] {dag.py:3089} INFO - Sync 1 DAGs
[2026-04-28T16:05:28.655+0000] {logging_mixin.py:188} INFO - [2026-04-28T16:05:28.654+0000] {dag.py:3947} INFO - Setting next_dagrun for flood_event_pipeline to 2026-04-27 00:00:00+00:00, run_after=2026-04-28 00:00:00+00:00
[2026-04-28T16:05:28.721+0000] {processor.py:183} INFO - Processing /opt/airflow/dags/flood_event_pipeline_dag.py took 0.240 seconds
[2026-04-28T16:05:59.053+0000] {processor.py:161} INFO - Started process (PID=139) to work on /opt/airflow/dags/flood_event_pipeline_dag.py
[2026-04-28T16:05:59.056+0000] {processor.py:830} INFO - Processing file /opt/airflow/dags/flood_event_pipeline_dag.py for tasks to queue
[2026-04-28T16:05:59.061+0000] {logging_mixin.py:188} INFO - [2026-04-28T16:05:59.060+0000] {dagbag.py:545} INFO - Filling up the DagBag from /opt/airflow/dags/flood_event_pipeline_dag.py
[2026-04-28T16:05:59.145+0000] {processor.py:840} INFO - DAG(s) 'flood_event_pipeline' retrieved from /opt/airflow/dags/flood_event_pipeline_dag.py
[2026-04-28T16:05:59.202+0000] {logging_mixin.py:188} INFO - [2026-04-28T16:05:59.202+0000] {dag.py:3089} INFO - Sync 1 DAGs
[2026-04-28T16:05:59.238+0000] {logging_mixin.py:188} INFO - [2026-04-28T16:05:59.238+0000] {dag.py:3947} INFO - Setting next_dagrun for flood_event_pipeline to 2026-04-27 00:00:00+00:00, run_after=2026-04-28 00:00:00+00:00
[2026-04-28T16:05:59.301+0000] {processor.py:183} INFO - Processing /opt/airflow/dags/flood_event_pipeline_dag.py took 0.260 seconds
[2026-04-28T16:06:29.690+0000] {processor.py:161} INFO - Started process (PID=140) to work on /opt/airflow/dags/flood_event_pipeline_dag.py
[2026-04-28T16:06:29.692+0000] {processor.py:830} INFO - Processing file /opt/airflow/dags/flood_event_pipeline_dag.py for tasks to queue
[2026-04-28T16:06:29.697+0000] {logging_mixin.py:188} INFO - [2026-04-28T16:06:29.696+0000] {dagbag.py:545} INFO - Filling up the DagBag from /opt/airflow/dags/flood_event_pipeline_dag.py
[2026-04-28T16:06:29.785+0000] {processor.py:840} INFO - DAG(s) 'flood_event_pipeline' retrieved from /opt/airflow/dags/flood_event_pipeline_dag.py
[2026-04-28T16:06:29.851+0000] {logging_mixin.py:188} INFO - [2026-04-28T16:06:29.851+0000] {dag.py:3089} INFO - Sync 1 DAGs
[2026-04-28T16:06:29.887+0000] {logging_mixin.py:188} INFO - [2026-04-28T16:06:29.887+0000] {dag.py:3947} INFO - Setting next_dagrun for flood_event_pipeline to 2026-04-27 00:00:00+00:00, run_after=2026-04-28 00:00:00+00:00
[2026-04-28T16:06:29.937+0000] {processor.py:183} INFO - Processing /opt/airflow/dags/flood_event_pipeline_dag.py took 0.259 seconds
[2026-04-28T16:07:00.251+0000] {processor.py:161} INFO - Started process (PID=141) to work on /opt/airflow/dags/flood_event_pipeline_dag.py
[2026-04-28T16:07:00.253+0000] {processor.py:830} INFO - Processing file /opt/airflow/dags/flood_event_pipeline_dag.py for tasks to queue
[2026-04-28T16:07:00.257+0000] {logging_mixin.py:188} INFO - [2026-04-28T16:07:00.257+0000] {dagbag.py:545} INFO - Filling up the DagBag from /opt/airflow/dags/flood_event_pipeline_dag.py
[2026-04-28T16:07:00.338+0000] {processor.py:840} INFO - DAG(s) 'flood_event_pipeline' retrieved from /opt/airflow/dags/flood_event_pipeline_dag.py
[2026-04-28T16:07:00.389+0000] {logging_mixin.py:188} INFO - [2026-04-28T16:07:00.388+0000] {dag.py:3089} INFO - Sync 1 DAGs
[2026-04-28T16:07:00.432+0000] {logging_mixin.py:188} INFO - [2026-04-28T16:07:00.431+0000] {dag.py:3947} INFO - Setting next_dagrun for flood_event_pipeline to 2026-04-27 00:00:00+00:00, run_after=2026-04-28 00:00:00+00:00
[2026-04-28T16:07:00.477+0000] {processor.py:183} INFO - Processing /opt/airflow/dags/flood_event_pipeline_dag.py took 0.236 seconds
[2026-04-28T16:07:30.792+0000] {processor.py:161} INFO - Started process (PID=142) to work on /opt/airflow/dags/flood_event_pipeline_dag.py
[2026-04-28T16:07:30.795+0000] {processor.py:830} INFO - Processing file /opt/airflow/dags/flood_event_pipeline_dag.py for tasks to queue
[2026-04-28T16:07:30.802+0000] {logging_mixin.py:188} INFO - [2026-04-28T16:07:30.801+0000] {dagbag.py:545} INFO - Filling up the DagBag from /opt/airflow/dags/flood_event_pipeline_dag.py
[2026-04-28T16:07:30.915+0000] {processor.py:840} INFO - DAG(s) 'flood_event_pipeline' retrieved from /opt/airflow/dags/flood_event_pipeline_dag.py
[2026-04-28T16:07:31.021+0000] {logging_mixin.py:188} INFO - [2026-04-28T16:07:31.020+0000] {dag.py:3089} INFO - Sync 1 DAGs
[2026-04-28T16:07:31.091+0000] {logging_mixin.py:188} INFO - [2026-04-28T16:07:31.091+0000] {dag.py:3947} INFO - Setting next_dagrun for flood_event_pipeline to 2026-04-27 00:00:00+00:00, run_after=2026-04-28 00:00:00+00:00
[2026-04-28T16:07:31.158+0000] {processor.py:183} INFO - Processing /opt/airflow/dags/flood_event_pipeline_dag.py took 0.387 seconds
[2026-04-28T16:08:01.412+0000] {processor.py:161} INFO - Started process (PID=143) to work on /opt/airflow/dags/flood_event_pipeline_dag.py
[2026-04-28T16:08:01.414+0000] {processor.py:830} INFO - Processing file /opt/airflow/dags/flood_event_pipeline_dag.py for tasks to queue
[2026-04-28T16:08:01.417+0000] {logging_mixin.py:188} INFO - [2026-04-28T16:08:01.416+0000] {dagbag.py:545} INFO - Filling up the DagBag from /opt/airflow/dags/flood_event_pipeline_dag.py
[2026-04-28T16:08:01.474+0000] {processor.py:840} INFO - DAG(s) 'flood_event_pipeline' retrieved from /opt/airflow/dags/flood_event_pipeline_dag.py
[2026-04-28T16:08:01.512+0000] {logging_mixin.py:188} INFO - [2026-04-28T16:08:01.512+0000] {dag.py:3089} INFO - Sync 1 DAGs
[2026-04-28T16:08:01.540+0000] {logging_mixin.py:188} INFO - [2026-04-28T16:08:01.540+0000] {dag.py:3947} INFO - Setting next_dagrun for flood_event_pipeline to 2026-04-27 00:00:00+00:00, run_after=2026-04-28 00:00:00+00:00
[2026-04-28T16:08:01.599+0000] {processor.py:183} INFO - Processing /opt/airflow/dags/flood_event_pipeline_dag.py took 0.196 seconds
[2026-04-28T16:08:31.855+0000] {processor.py:161} INFO - Started process (PID=144) to work on /opt/airflow/dags/flood_event_pipeline_dag.py
[2026-04-28T16:08:31.857+0000] {processor.py:830} INFO - Processing file /opt/airflow/dags/flood_event_pipeline_dag.py for tasks to queue
[2026-04-28T16:08:31.859+0000] {logging_mixin.py:188} INFO - [2026-04-28T16:08:31.859+0000] {dagbag.py:545} INFO - Filling up the DagBag from /opt/airflow/dags/flood_event_pipeline_dag.py
[2026-04-28T16:08:31.907+0000] {processor.py:840} INFO - DAG(s) 'flood_event_pipeline' retrieved from /opt/airflow/dags/flood_event_pipeline_dag.py
[2026-04-28T16:08:31.944+0000] {logging_mixin.py:188} INFO - [2026-04-28T16:08:31.943+0000] {dag.py:3089} INFO - Sync 1 DAGs
[2026-04-28T16:08:31.970+0000] {logging_mixin.py:188} INFO - [2026-04-28T16:08:31.970+0000] {dag.py:3947} INFO - Setting next_dagrun for flood_event_pipeline to 2026-04-27 00:00:00+00:00, run_after=2026-04-28 00:00:00+00:00
[2026-04-28T16:08:32.005+0000] {processor.py:183} INFO - Processing /opt/airflow/dags/flood_event_pipeline_dag.py took 0.158 seconds
[2026-04-28T16:09:02.193+0000] {processor.py:161} INFO - Started process (PID=145) to work on /opt/airflow/dags/flood_event_pipeline_dag.py
[2026-04-28T16:09:02.195+0000] {processor.py:830} INFO - Processing file /opt/airflow/dags/flood_event_pipeline_dag.py for tasks to queue
[2026-04-28T16:09:02.198+0000] {logging_mixin.py:188} INFO - [2026-04-28T16:09:02.197+0000] {dagbag.py:545} INFO - Filling up the DagBag from /opt/airflow/dags/flood_event_pipeline_dag.py
[2026-04-28T16:09:02.241+0000] {processor.py:840} INFO - DAG(s) 'flood_event_pipeline' retrieved from /opt/airflow/dags/flood_event_pipeline_dag.py
[2026-04-28T16:09:02.273+0000] {logging_mixin.py:188} INFO - [2026-04-28T16:09:02.273+0000] {dag.py:3089} INFO - Sync 1 DAGs
[2026-04-28T16:09:02.298+0000] {logging_mixin.py:188} INFO - [2026-04-28T16:09:02.297+0000] {dag.py:3947} INFO - Setting next_dagrun for flood_event_pipeline to 2026-04-27 00:00:00+00:00, run_after=2026-04-28 00:00:00+00:00
[2026-04-28T16:09:02.344+0000] {processor.py:183} INFO - Processing /opt/airflow/dags/flood_event_pipeline_dag.py took 0.158 seconds
[2026-04-28T16:09:32.569+0000] {processor.py:161} INFO - Started process (PID=146) to work on /opt/airflow/dags/flood_event_pipeline_dag.py
[2026-04-28T16:09:32.572+0000] {processor.py:830} INFO - Processing file /opt/airflow/dags/flood_event_pipeline_dag.py for tasks to queue
[2026-04-28T16:09:32.576+0000] {logging_mixin.py:188} INFO - [2026-04-28T16:09:32.576+0000] {dagbag.py:545} INFO - Filling up the DagBag from /opt/airflow/dags/flood_event_pipeline_dag.py
[2026-04-28T16:09:32.667+0000] {processor.py:840} INFO - DAG(s) 'flood_event_pipeline' retrieved from /opt/airflow/dags/flood_event_pipeline_dag.py
[2026-04-28T16:09:32.722+0000] {logging_mixin.py:188} INFO - [2026-04-28T16:09:32.722+0000] {dag.py:3089} INFO - Sync 1 DAGs
[2026-04-28T16:09:32.765+0000] {logging_mixin.py:188} INFO - [2026-04-28T16:09:32.764+0000] {dag.py:3947} INFO - Setting next_dagrun for flood_event_pipeline to 2026-04-27 00:00:00+00:00, run_after=2026-04-28 00:00:00+00:00
[2026-04-28T16:09:32.833+0000] {processor.py:183} INFO - Processing /opt/airflow/dags/flood_event_pipeline_dag.py took 0.276 seconds
[2026-04-28T16:10:03.128+0000] {processor.py:161} INFO - Started process (PID=147) to work on /opt/airflow/dags/flood_event_pipeline_dag.py
[2026-04-28T16:10:03.131+0000] {processor.py:830} INFO - Processing file /opt/airflow/dags/flood_event_pipeline_dag.py for tasks to queue
[2026-04-28T16:10:03.136+0000] {logging_mixin.py:188} INFO - [2026-04-28T16:10:03.136+0000] {dagbag.py:545} INFO - Filling up the DagBag from /opt/airflow/dags/flood_event_pipeline_dag.py
[2026-04-28T16:10:03.216+0000] {processor.py:840} INFO - DAG(s) 'flood_event_pipeline' retrieved from /opt/airflow/dags/flood_event_pipeline_dag.py
[2026-04-28T16:10:03.268+0000] {logging_mixin.py:188} INFO - [2026-04-28T16:10:03.268+0000] {dag.py:3089} INFO - Sync 1 DAGs
[2026-04-28T16:10:03.309+0000] {logging_mixin.py:188} INFO - [2026-04-28T16:10:03.309+0000] {dag.py:3947} INFO - Setting next_dagrun for flood_event_pipeline to 2026-04-27 00:00:00+00:00, run_after=2026-04-28 00:00:00+00:00
[2026-04-28T16:10:03.385+0000] {processor.py:183} INFO - Processing /opt/airflow/dags/flood_event_pipeline_dag.py took 0.271 seconds
[2026-04-28T16:10:33.685+0000] {processor.py:161} INFO - Started process (PID=148) to work on /opt/airflow/dags/flood_event_pipeline_dag.py
[2026-04-28T16:10:33.688+0000] {processor.py:830} INFO - Processing file /opt/airflow/dags/flood_event_pipeline_dag.py for tasks to queue
[2026-04-28T16:10:33.691+0000] {logging_mixin.py:188} INFO - [2026-04-28T16:10:33.691+0000] {dagbag.py:545} INFO - Filling up the DagBag from /opt/airflow/dags/flood_event_pipeline_dag.py
[2026-04-28T16:10:33.767+0000] {processor.py:840} INFO - DAG(s) 'flood_event_pipeline' retrieved from /opt/airflow/dags/flood_event_pipeline_dag.py
[2026-04-28T16:10:33.820+0000] {logging_mixin.py:188} INFO - [2026-04-28T16:10:33.820+0000] {dag.py:3089} INFO - Sync 1 DAGs
[2026-04-28T16:10:33.862+0000] {logging_mixin.py:188} INFO - [2026-04-28T16:10:33.862+0000] {dag.py:3947} INFO - Setting next_dagrun for flood_event_pipeline to 2026-04-27 00:00:00+00:00, run_after=2026-04-28 00:00:00+00:00
[2026-04-28T16:10:33.918+0000] {processor.py:183} INFO - Processing /opt/airflow/dags/flood_event_pipeline_dag.py took 0.244 seconds
[2026-04-28T16:11:04.179+0000] {processor.py:161} INFO - Started process (PID=149) to work on /opt/airflow/dags/flood_event_pipeline_dag.py
[2026-04-28T16:11:04.182+0000] {processor.py:830} INFO - Processing file /opt/airflow/dags/flood_event_pipeline_dag.py for tasks to queue
[2026-04-28T16:11:04.185+0000] {logging_mixin.py:188} INFO - [2026-04-28T16:11:04.184+0000] {dagbag.py:545} INFO - Filling up the DagBag from /opt/airflow/dags/flood_event_pipeline_dag.py
[2026-04-28T16:11:04.248+0000] {processor.py:840} INFO - DAG(s) 'flood_event_pipeline' retrieved from /opt/airflow/dags/flood_event_pipeline_dag.py
[2026-04-28T16:11:04.288+0000] {logging_mixin.py:188} INFO - [2026-04-28T16:11:04.288+0000] {dag.py:3089} INFO - Sync 1 DAGs
[2026-04-28T16:11:04.313+0000] {logging_mixin.py:188} INFO - [2026-04-28T16:11:04.313+0000] {dag.py:3947} INFO - Setting next_dagrun for flood_event_pipeline to 2026-04-27 00:00:00+00:00, run_after=2026-04-28 00:00:00+00:00
[2026-04-28T16:11:04.361+0000] {processor.py:183} INFO - Processing /opt/airflow/dags/flood_event_pipeline_dag.py took 0.195 seconds
[2026-04-28T16:11:34.612+0000] {processor.py:161} INFO - Started process (PID=150) to work on /opt/airflow/dags/flood_event_pipeline_dag.py
[2026-04-28T16:11:34.614+0000] {processor.py:830} INFO - Processing file /opt/airflow/dags/flood_event_pipeline_dag.py for tasks to queue
[2026-04-28T16:11:34.617+0000] {logging_mixin.py:188} INFO - [2026-04-28T16:11:34.617+0000] {dagbag.py:545} INFO - Filling up the DagBag from /opt/airflow/dags/flood_event_pipeline_dag.py
[2026-04-28T16:11:34.672+0000] {processor.py:840} INFO - DAG(s) 'flood_event_pipeline' retrieved from /opt/airflow/dags/flood_event_pipeline_dag.py
[2026-04-28T16:11:34.709+0000] {logging_mixin.py:188} INFO - [2026-04-28T16:11:34.709+0000] {dag.py:3089} INFO - Sync 1 DAGs
[2026-04-28T16:11:34.738+0000] {logging_mixin.py:188} INFO - [2026-04-28T16:11:34.737+0000] {dag.py:3947} INFO - Setting next_dagrun for flood_event_pipeline to 2026-04-27 00:00:00+00:00, run_after=2026-04-28 00:00:00+00:00
[2026-04-28T16:11:34.773+0000] {processor.py:183} INFO - Processing /opt/airflow/dags/flood_event_pipeline_dag.py took 0.169 seconds
[2026-04-28T16:12:05.121+0000] {processor.py:161} INFO - Started process (PID=151) to work on /opt/airflow/dags/flood_event_pipeline_dag.py
[2026-04-28T16:12:05.123+0000] {processor.py:830} INFO - Processing file /opt/airflow/dags/flood_event_pipeline_dag.py for tasks to queue
[2026-04-28T16:12:05.128+0000] {logging_mixin.py:188} INFO - [2026-04-28T16:12:05.127+0000] {dagbag.py:545} INFO - Filling up the DagBag from /opt/airflow/dags/flood_event_pipeline_dag.py
[2026-04-28T16:12:05.196+0000] {processor.py:840} INFO - DAG(s) 'flood_event_pipeline' retrieved from /opt/airflow/dags/flood_event_pipeline_dag.py
[2026-04-28T16:12:05.241+0000] {logging_mixin.py:188} INFO - [2026-04-28T16:12:05.240+0000] {dag.py:3089} INFO - Sync 1 DAGs
[2026-04-28T16:12:05.265+0000] {logging_mixin.py:188} INFO - [2026-04-28T16:12:05.265+0000] {dag.py:3947} INFO - Setting next_dagrun for flood_event_pipeline to 2026-04-27 00:00:00+00:00, run_after=2026-04-28 00:00:00+00:00
[2026-04-28T16:12:05.326+0000] {processor.py:183} INFO - Processing /opt/airflow/dags/flood_event_pipeline_dag.py took 0.219 seconds
[2026-04-28T16:12:35.614+0000] {processor.py:161} INFO - Started process (PID=152) to work on /opt/airflow/dags/flood_event_pipeline_dag.py
[2026-04-28T16:12:35.617+0000] {processor.py:830} INFO - Processing file /opt/airflow/dags/flood_event_pipeline_dag.py for tasks to queue
[2026-04-28T16:12:35.622+0000] {logging_mixin.py:188} INFO - [2026-04-28T16:12:35.621+0000] {dagbag.py:545} INFO - Filling up the DagBag from /opt/airflow/dags/flood_event_pipeline_dag.py
[2026-04-28T16:12:35.694+0000] {processor.py:840} INFO - DAG(s) 'flood_event_pipeline' retrieved from /opt/airflow/dags/flood_event_pipeline_dag.py
[2026-04-28T16:12:35.729+0000] {logging_mixin.py:188} INFO - [2026-04-28T16:12:35.729+0000] {dag.py:3089} INFO - Sync 1 DAGs
[2026-04-28T16:12:35.763+0000] {logging_mixin.py:188} INFO - [2026-04-28T16:12:35.763+0000] {dag.py:3947} INFO - Setting next_dagrun for flood_event_pipeline to 2026-04-27 00:00:00+00:00, run_after=2026-04-28 00:00:00+00:00
[2026-04-28T16:12:35.824+0000] {processor.py:183} INFO - Processing /opt/airflow/dags/flood_event_pipeline_dag.py took 0.223 seconds
[2026-04-28T16:13:06.104+0000] {processor.py:161} INFO - Started process (PID=153) to work on /opt/airflow/dags/flood_event_pipeline_dag.py
[2026-04-28T16:13:06.106+0000] {processor.py:830} INFO - Processing file /opt/airflow/dags/flood_event_pipeline_dag.py for tasks to queue
[2026-04-28T16:13:06.111+0000] {logging_mixin.py:188} INFO - [2026-04-28T16:13:06.110+0000] {dagbag.py:545} INFO - Filling up the DagBag from /opt/airflow/dags/flood_event_pipeline_dag.py
[2026-04-28T16:13:06.192+0000] {processor.py:840} INFO - DAG(s) 'flood_event_pipeline' retrieved from /opt/airflow/dags/flood_event_pipeline_dag.py
[2026-04-28T16:13:06.233+0000] {logging_mixin.py:188} INFO - [2026-04-28T16:13:06.233+0000] {dag.py:3089} INFO - Sync 1 DAGs
[2026-04-28T16:13:06.263+0000] {logging_mixin.py:188} INFO - [2026-04-28T16:13:06.263+0000] {dag.py:3947} INFO - Setting next_dagrun for flood_event_pipeline to 2026-04-27 00:00:00+00:00, run_after=2026-04-28 00:00:00+00:00
[2026-04-28T16:13:06.316+0000] {processor.py:183} INFO - Processing /opt/airflow/dags/flood_event_pipeline_dag.py took 0.221 seconds
[2026-04-28T16:13:36.563+0000] {processor.py:161} INFO - Started process (PID=154) to work on /opt/airflow/dags/flood_event_pipeline_dag.py
[2026-04-28T16:13:36.565+0000] {processor.py:830} INFO - Processing file /opt/airflow/dags/flood_event_pipeline_dag.py for tasks to queue
[2026-04-28T16:13:36.570+0000] {logging_mixin.py:188} INFO - [2026-04-28T16:13:36.569+0000] {dagbag.py:545} INFO - Filling up the DagBag from /opt/airflow/dags/flood_event_pipeline_dag.py
[2026-04-28T16:13:36.629+0000] {processor.py:840} INFO - DAG(s) 'flood_event_pipeline' retrieved from /opt/airflow/dags/flood_event_pipeline_dag.py
[2026-04-28T16:13:36.670+0000] {logging_mixin.py:188} INFO - [2026-04-28T16:13:36.670+0000] {dag.py:3089} INFO - Sync 1 DAGs
[2026-04-28T16:13:36.703+0000] {logging_mixin.py:188} INFO - [2026-04-28T16:13:36.703+0000] {dag.py:3947} INFO - Setting next_dagrun for flood_event_pipeline to 2026-04-27 00:00:00+00:00, run_after=2026-04-28 00:00:00+00:00
[2026-04-28T16:13:36.759+0000] {processor.py:183} INFO - Processing /opt/airflow/dags/flood_event_pipeline_dag.py took 0.204 seconds
[2026-04-28T16:14:07.051+0000] {processor.py:161} INFO - Started process (PID=155) to work on /opt/airflow/dags/flood_event_pipeline_dag.py
[2026-04-28T16:14:07.054+0000] {processor.py:830} INFO - Processing file /opt/airflow/dags/flood_event_pipeline_dag.py for tasks to queue
[2026-04-28T16:14:07.058+0000] {logging_mixin.py:188} INFO - [2026-04-28T16:14:07.057+0000] {dagbag.py:545} INFO - Filling up the DagBag from /opt/airflow/dags/flood_event_pipeline_dag.py
[2026-04-28T16:14:07.141+0000] {processor.py:840} INFO - DAG(s) 'flood_event_pipeline' retrieved from /opt/airflow/dags/flood_event_pipeline_dag.py
[2026-04-28T16:14:07.205+0000] {logging_mixin.py:188} INFO - [2026-04-28T16:14:07.204+0000] {dag.py:3089} INFO - Sync 1 DAGs
[2026-04-28T16:14:07.249+0000] {logging_mixin.py:188} INFO - [2026-04-28T16:14:07.248+0000] {dag.py:3947} INFO - Setting next_dagrun for flood_event_pipeline to 2026-04-27 00:00:00+00:00, run_after=2026-04-28 00:00:00+00:00
[2026-04-28T16:14:07.289+0000] {processor.py:183} INFO - Processing /opt/airflow/dags/flood_event_pipeline_dag.py took 0.250 seconds
